2024-08-22 10:54:29.913 INFO  [1] [VMGlobalScript.GlobalScript::Init@0]  ====================================================V4.3.0 GlobalScript Start Print Log====================================================

2024-08-22 10:54:35.003 INFO  [6] [VM.GlobalScript.Support.GlobalManager::objLoadDefaultScriptTime_Elapsed@0] Load default globalScript begin

2024-08-22 10:54:35.013 INFO  [6] [VM.GlobalScript.Support.UserGlobalScriptManger::compileGlobalScript@0] Compile begin

2024-08-22 10:54:35.352 INFO  [6] [VM.GlobalScript.Support.UserGlobalScriptSupport::CompileCode@0] 2024-08-22 10:54:35:352 : Compile complete -- 0 Errors, 0 Warnings 


2024-08-22 10:54:35.534 INFO  [6] [VM.GlobalScript.Support.UserGlobalScriptManger::updateBackFile@0] Update BackFile end

2024-08-22 10:54:35.536 INFO  [6] [VM.GlobalScript.Support.UserGlobalScriptManger::compileGlobalScript@0] Compile end

2024-08-22 10:54:35.536 INFO  [6] [VM.GlobalScript.Support.GlobalManager::objLoadDefaultScriptTime_Elapsed@0] Load default globalScript end

2024-08-22 10:55:58.507 INFO  [8] [VM.GlobalScript.Support.GlobalManager::HandleCmd@0] Receive:CloseScript

2024-08-22 10:55:58.514 INFO  [8] [VM.GlobalScript.Support.GlobalManager::HandleCmd@0] Receive end:CloseScript

2024-08-22 10:55:58.564 INFO  [8] [VM.GlobalScript.Support.GlobalManager::HandleCmd@0] Receive:LoadSolution

2024-08-22 10:55:58.630 INFO  [8] [VM.GlobalScript.Support.GlobalManager::HandleCmd@0] Receive end:LoadSolution

2024-08-22 10:55:58.633 INFO  [3] [VM.GlobalScript.Support.UserGlobalScriptManger::compileGlobalScript@0] Compile begin

2024-08-22 10:55:58.636 INFO  [8] [VM.GlobalScript.Support.GlobalManager::HandleCmd@0] Receive:LoadSolutionEnd

2024-08-22 10:55:58.638 INFO  [8] [VM.GlobalScript.Support.GlobalManager::HandleCmd@0] Receive end:LoadSolutionEnd

2024-08-22 10:55:58.640 INFO  [3] [VM.GlobalScript.Support.UserGlobalScriptSupport::CompileCode@0] 2024-08-22 10:55:58:636 : Compile complete -- 0 Errors, 0 Warnings 


2024-08-22 10:55:58.641 INFO  [3] [VM.GlobalScript.Support.UserGlobalScriptManger::updateBackFile@0] Update BackFile end

2024-08-22 10:55:58.641 INFO  [3] [VM.GlobalScript.Support.UserGlobalScriptManger::compileGlobalScript@0] Compile end

2024-08-22 10:55:58.641 INFO  [22] [VM.GlobalScript.Support.UserGlobalScriptManger::loadInitAction@0] ExecuteLoadInit start

2024-08-22 10:56:58.857 INFO  [1] [VM.GlobalScript.Support.GlobalManager::HandleCmd@0] Receive:ExcuteOnce

2024-08-22 10:56:58.859 INFO  [1] [VM.GlobalScript.Support.GlobalManager::HandleCmd@0] Receive end:ExcuteOnce

2024-08-22 10:56:58.862 INFO  [14] [VM.GlobalScript.Support.UserGlobalScriptManger::initSourceAndStartScript@0] InitSourceEndStartScript already init

2024-08-22 10:56:58.870 INFO  [14] [VM.GlobalScript.Support.UserGlobalScriptManger::<StartOnce>b__60_0@0] GlobalScript execute once

2024-08-22 10:58:45.648 INFO  [1] [VM.GlobalScript.Support.GlobalManager::HandleCmd@0] Receive:ExcuteOnce

2024-08-22 10:58:45.649 INFO  [1] [VM.GlobalScript.Support.GlobalManager::HandleCmd@0] Receive end:ExcuteOnce

2024-08-22 10:58:45.649 INFO  [35] [VM.GlobalScript.Support.UserGlobalScriptManger::initSourceAndStartScript@0] InitSourceEndStartScript already init

2024-08-22 10:58:45.652 INFO  [35] [VM.GlobalScript.Support.UserGlobalScriptManger::<StartOnce>b__60_0@0] GlobalScript execute once

2024-08-22 10:58:47.189 INFO  [1] [VM.GlobalScript.Support.GlobalManager::HandleCmd@0] Receive:ExcuteOnce

2024-08-22 10:58:47.190 INFO  [1] [VM.GlobalScript.Support.GlobalManager::HandleCmd@0] Receive end:ExcuteOnce

2024-08-22 10:58:47.190 INFO  [30] [VM.GlobalScript.Support.UserGlobalScriptManger::initSourceAndStartScript@0] InitSourceEndStartScript already init

2024-08-22 10:58:47.195 INFO  [30] [VM.GlobalScript.Support.UserGlobalScriptManger::<StartOnce>b__60_0@0] GlobalScript execute once

2024-08-22 10:59:03.414 INFO  [1] [VM.GlobalScript.Support.GlobalManager::HandleCmd@0] Receive:ExcuteOnce

2024-08-22 10:59:03.415 INFO  [1] [VM.GlobalScript.Support.GlobalManager::HandleCmd@0] Receive end:ExcuteOnce

2024-08-22 10:59:03.415 INFO  [30] [VM.GlobalScript.Support.UserGlobalScriptManger::initSourceAndStartScript@0] InitSourceEndStartScript already init

2024-08-22 10:59:03.418 INFO  [30] [VM.GlobalScript.Support.UserGlobalScriptManger::<StartOnce>b__60_0@0] GlobalScript execute once

2024-08-22 11:25:56.697 INFO  [1] [VMGlobalScript.GlobalScript::Init@0]  ====================================================V4.3.0 GlobalScript Start Print Log====================================================

2024-08-22 11:26:29.794 INFO  [1] [VMGlobalScript.GlobalScript::Init@0]  ====================================================V4.3.0 GlobalScript Start Print Log====================================================

2024-08-22 11:30:14.139 INFO  [1] [VMGlobalScript.GlobalScript::Init@0]  ====================================================V4.3.0 GlobalScript Start Print Log====================================================

2024-08-22 11:31:10.721 INFO  [1] [VMGlobalScript.GlobalScript::Init@0]  ====================================================V4.3.0 GlobalScript Start Print Log====================================================

2024-08-22 11:32:43.912 INFO  [1] [VMGlobalScript.GlobalScript::Init@0]  ====================================================V4.3.0 GlobalScript Start Print Log====================================================

2024-08-22 11:33:40.466 INFO  [1] [VMGlobalScript.GlobalScript::Init@0]  ====================================================V4.3.0 GlobalScript Start Print Log====================================================

2024-08-22 11:34:15.227 INFO  [1] [VMGlobalScript.GlobalScript::Init@0]  ====================================================V4.3.0 GlobalScript Start Print Log====================================================

2024-08-22 11:34:20.283 INFO  [4] [VM.GlobalScript.Support.GlobalManager::objLoadDefaultScriptTime_Elapsed@0] Load default globalScript begin

2024-08-22 11:34:20.318 INFO  [4] [VM.GlobalScript.Support.UserGlobalScriptManger::compileGlobalScript@0] Compile begin

2024-08-22 11:35:51.155 INFO  [1] [VMGlobalScript.GlobalScript::Init@0]  ====================================================V4.3.0 GlobalScript Start Print Log====================================================

2024-08-22 11:35:56.223 INFO  [3] [VM.GlobalScript.Support.GlobalManager::objLoadDefaultScriptTime_Elapsed@0] Load default globalScript begin

2024-08-22 11:35:56.237 INFO  [3] [VM.GlobalScript.Support.UserGlobalScriptManger::compileGlobalScript@0] Compile begin

2024-08-22 11:35:56.517 INFO  [3] [VM.GlobalScript.Support.UserGlobalScriptSupport::CompileCode@0] 2024-08-22 11:35:56:517 : Compile complete -- 0 Errors, 0 Warnings 


2024-08-22 11:35:56.679 INFO  [3] [VM.GlobalScript.Support.UserGlobalScriptManger::updateBackFile@0] Update BackFile end

2024-08-22 11:35:56.679 INFO  [3] [VM.GlobalScript.Support.UserGlobalScriptManger::compileGlobalScript@0] Compile end

2024-08-22 11:35:56.679 INFO  [3] [VM.GlobalScript.Support.GlobalManager::objLoadDefaultScriptTime_Elapsed@0] Load default globalScript end

2024-08-22 11:36:52.251 INFO  [1] [VMGlobalScript.GlobalScript::Init@0]  ====================================================V4.3.0 GlobalScript Start Print Log====================================================

2024-08-22 11:37:28.458 INFO  [1] [VMGlobalScript.GlobalScript::Init@0]  ====================================================V4.3.0 GlobalScript Start Print Log====================================================

2024-08-22 11:37:33.528 INFO  [3] [VM.GlobalScript.Support.GlobalManager::objLoadDefaultScriptTime_Elapsed@0] Load default globalScript begin

2024-08-22 11:37:33.540 INFO  [3] [VM.GlobalScript.Support.UserGlobalScriptManger::compileGlobalScript@0] Compile begin

2024-08-22 11:37:33.819 INFO  [3] [VM.GlobalScript.Support.UserGlobalScriptSupport::CompileCode@0] 2024-08-22 11:37:33:819 : Compile complete -- 0 Errors, 0 Warnings 


2024-08-22 11:37:33.978 INFO  [3] [VM.GlobalScript.Support.UserGlobalScriptManger::updateBackFile@0] Update BackFile end

2024-08-22 11:37:33.978 INFO  [3] [VM.GlobalScript.Support.UserGlobalScriptManger::compileGlobalScript@0] Compile end

2024-08-22 11:37:33.978 INFO  [3] [VM.GlobalScript.Support.GlobalManager::objLoadDefaultScriptTime_Elapsed@0] Load default globalScript end

2024-08-22 11:39:35.347 INFO  [1] [VMGlobalScript.GlobalScript::Init@0]  ====================================================V4.3.0 GlobalScript Start Print Log====================================================

2024-08-22 11:40:35.231 INFO  [1] [VMGlobalScript.GlobalScript::Init@0]  ====================================================V4.3.0 GlobalScript Start Print Log====================================================

2024-08-22 13:13:43.615 INFO  [1] [VMGlobalScript.GlobalScript::Init@0]  ====================================================V4.3.0 GlobalScript Start Print Log====================================================

2024-08-22 13:13:48.695 INFO  [6] [VM.GlobalScript.Support.GlobalManager::objLoadDefaultScriptTime_Elapsed@0] Load default globalScript begin

2024-08-22 13:13:48.709 INFO  [6] [VM.GlobalScript.Support.UserGlobalScriptManger::compileGlobalScript@0] Compile begin

2024-08-22 13:13:49.239 INFO  [6] [VM.GlobalScript.Support.UserGlobalScriptSupport::CompileCode@0] 2024-08-22 13:13:49:239 : Compile complete -- 0 Errors, 0 Warnings 


2024-08-22 13:13:49.478 INFO  [6] [VM.GlobalScript.Support.UserGlobalScriptManger::updateBackFile@0] Update BackFile end

2024-08-22 13:13:49.479 INFO  [6] [VM.GlobalScript.Support.UserGlobalScriptManger::compileGlobalScript@0] Compile end

2024-08-22 13:13:49.479 INFO  [6] [VM.GlobalScript.Support.GlobalManager::objLoadDefaultScriptTime_Elapsed@0] Load default globalScript end

2024-08-22 13:19:02.370 INFO  [1] [VMGlobalScript.GlobalScript::Init@0]  ====================================================V4.3.0 GlobalScript Start Print Log====================================================

2024-08-22 13:19:07.953 INFO  [8] [VM.GlobalScript.Support.GlobalManager::objLoadDefaultScriptTime_Elapsed@0] Load default globalScript begin

2024-08-22 13:19:23.294 INFO  [8] [VM.GlobalScript.Support.UserGlobalScriptManger::compileGlobalScript@0] Compile begin

2024-08-22 13:19:39.600 INFO  [8] [VM.GlobalScript.Support.UserGlobalScriptSupport::CompileCode@0] 2024-08-22 13:19:39:600 : Compile complete -- 0 Errors, 0 Warnings 


2024-08-22 13:21:05.933 INFO  [8] [VM.GlobalScript.Support.UserGlobalScriptManger::updateBackFile@0] Update BackFile end

2024-08-22 13:21:05.943 INFO  [8] [VM.GlobalScript.Support.UserGlobalScriptManger::compileGlobalScript@0] Compile end

2024-08-22 13:21:05.998 INFO  [8] [VM.GlobalScript.Support.GlobalManager::objLoadDefaultScriptTime_Elapsed@0] Load default globalScript end

2024-08-22 13:30:44.655 INFO  [1] [VMGlobalScript.GlobalScript::Init@0]  ====================================================V4.3.0 GlobalScript Start Print Log====================================================

2024-08-22 13:32:35.416 INFO  [1] [VMGlobalScript.GlobalScript::Init@0]  ====================================================V4.3.0 GlobalScript Start Print Log====================================================

2024-08-22 13:39:29.462 INFO  [1] [VMGlobalScript.GlobalScript::Init@0]  ====================================================V4.3.0 GlobalScript Start Print Log====================================================

2024-08-22 13:45:31.022 INFO  [1] [VMGlobalScript.GlobalScript::Init@0]  ====================================================V4.3.0 GlobalScript Start Print Log====================================================

2024-08-22 13:46:11.607 INFO  [1] [VMGlobalScript.GlobalScript::Init@0]  ====================================================V4.3.0 GlobalScript Start Print Log====================================================

2024-08-22 13:47:08.685 INFO  [1] [VMGlobalScript.GlobalScript::Init@0]  ====================================================V4.3.0 GlobalScript Start Print Log====================================================

2024-08-22 13:50:21.613 INFO  [1] [VMGlobalScript.GlobalScript::Init@0]  ====================================================V4.3.0 GlobalScript Start Print Log====================================================

2024-08-22 13:53:41.199 INFO  [1] [VMGlobalScript.GlobalScript::Init@0]  ====================================================V4.3.0 GlobalScript Start Print Log====================================================

2024-08-22 13:54:45.947 INFO  [1] [VMGlobalScript.GlobalScript::Init@0]  ====================================================V4.3.0 GlobalScript Start Print Log====================================================

2024-08-22 13:55:36.412 INFO  [1] [VMGlobalScript.GlobalScript::Init@0]  ====================================================V4.3.0 GlobalScript Start Print Log====================================================

2024-08-22 14:01:01.509 INFO  [1] [VMGlobalScript.GlobalScript::Init@0]  ====================================================V4.3.0 GlobalScript Start Print Log====================================================

2024-08-22 14:04:13.806 INFO  [1] [VMGlobalScript.GlobalScript::Init@0]  ====================================================V4.3.0 GlobalScript Start Print Log====================================================

2024-08-22 14:09:05.201 INFO  [1] [VMGlobalScript.GlobalScript::Init@0]  ====================================================V4.3.0 GlobalScript Start Print Log====================================================

2024-08-22 14:14:21.006 INFO  [1] [VMGlobalScript.GlobalScript::Init@0]  ====================================================V4.3.0 GlobalScript Start Print Log====================================================

2024-08-22 14:14:26.038 INFO  [13] [VM.GlobalScript.Support.GlobalManager::objLoadDefaultScriptTime_Elapsed@0] Load default globalScript begin

2024-08-22 14:14:26.051 INFO  [13] [VM.GlobalScript.Support.UserGlobalScriptManger::compileGlobalScript@0] Compile begin

2024-08-22 14:14:26.321 INFO  [13] [VM.GlobalScript.Support.UserGlobalScriptSupport::CompileCode@0] 2024-08-22 14:14:26:321 : Compile complete -- 0 Errors, 0 Warnings 


2024-08-22 14:14:26.450 INFO  [13] [VM.GlobalScript.Support.UserGlobalScriptManger::updateBackFile@0] Update BackFile end

2024-08-22 14:14:26.450 INFO  [13] [VM.GlobalScript.Support.UserGlobalScriptManger::compileGlobalScript@0] Compile end

2024-08-22 14:14:26.451 INFO  [13] [VM.GlobalScript.Support.GlobalManager::objLoadDefaultScriptTime_Elapsed@0] Load default globalScript end

2024-08-22 14:15:46.904 INFO  [1] [VMGlobalScript.GlobalScript::Init@0]  ====================================================V4.3.0 GlobalScript Start Print Log====================================================

2024-08-22 14:15:51.958 INFO  [5] [VM.GlobalScript.Support.GlobalManager::objLoadDefaultScriptTime_Elapsed@0] Load default globalScript begin

2024-08-22 14:15:51.969 INFO  [5] [VM.GlobalScript.Support.UserGlobalScriptManger::compileGlobalScript@0] Compile begin

2024-08-22 14:15:52.219 INFO  [5] [VM.GlobalScript.Support.UserGlobalScriptSupport::CompileCode@0] 2024-08-22 14:15:52:219 : Compile complete -- 0 Errors, 0 Warnings 


2024-08-22 14:15:52.344 INFO  [5] [VM.GlobalScript.Support.UserGlobalScriptManger::updateBackFile@0] Update BackFile end

2024-08-22 14:15:52.345 INFO  [5] [VM.GlobalScript.Support.UserGlobalScriptManger::compileGlobalScript@0] Compile end

2024-08-22 14:15:52.345 INFO  [5] [VM.GlobalScript.Support.GlobalManager::objLoadDefaultScriptTime_Elapsed@0] Load default globalScript end

2024-08-22 14:16:13.208 INFO  [12] [VM.GlobalScript.Support.GlobalManager::HandleCmd@0] Receive:CloseScript

2024-08-22 14:16:13.213 INFO  [12] [VM.GlobalScript.Support.GlobalManager::HandleCmd@0] Receive end:CloseScript

2024-08-22 14:16:13.247 INFO  [12] [VM.GlobalScript.Support.GlobalManager::HandleCmd@0] Receive:LoadSolution

2024-08-22 14:16:13.310 INFO  [12] [VM.GlobalScript.Support.GlobalManager::HandleCmd@0] Receive end:LoadSolution

2024-08-22 14:16:13.312 INFO  [5] [VM.GlobalScript.Support.UserGlobalScriptManger::compileGlobalScript@0] Compile begin

2024-08-22 14:16:13.315 INFO  [5] [VM.GlobalScript.Support.UserGlobalScriptSupport::CompileCode@0] 2024-08-22 14:16:13:315 : Compile complete -- 0 Errors, 0 Warnings 


2024-08-22 14:16:13.316 INFO  [12] [VM.GlobalScript.Support.GlobalManager::HandleCmd@0] Receive:LoadSolutionEnd

2024-08-22 14:16:13.316 INFO  [5] [VM.GlobalScript.Support.UserGlobalScriptManger::updateBackFile@0] Update BackFile end

2024-08-22 14:16:13.317 INFO  [5] [VM.GlobalScript.Support.UserGlobalScriptManger::compileGlobalScript@0] Compile end

2024-08-22 14:16:13.317 INFO  [6] [VM.GlobalScript.Support.UserGlobalScriptManger::loadInitAction@0] ExecuteLoadInit start

2024-08-22 14:16:13.316 INFO  [12] [VM.GlobalScript.Support.GlobalManager::HandleCmd@0] Receive end:LoadSolutionEnd

2024-08-22 14:16:16.983 INFO  [1] [VM.GlobalScript.Support.GlobalManager::HandleCmd@0] Receive:ExcuteOnce

2024-08-22 14:16:16.984 INFO  [1] [VM.GlobalScript.Support.GlobalManager::HandleCmd@0] Receive end:ExcuteOnce

2024-08-22 14:16:16.984 INFO  [5] [VM.GlobalScript.Support.UserGlobalScriptManger::initSourceAndStartScript@0] InitSourceEndStartScript already init

2024-08-22 14:16:16.990 INFO  [5] [VM.GlobalScript.Support.UserGlobalScriptManger::<StartOnce>b__60_0@0] GlobalScript execute once

2024-08-22 14:16:50.075 INFO  [1] [VMGlobalScript.GlobalScript::Init@0]  ====================================================V4.3.0 GlobalScript Start Print Log====================================================

2024-08-22 14:16:55.121 INFO  [5] [VM.GlobalScript.Support.GlobalManager::objLoadDefaultScriptTime_Elapsed@0] Load default globalScript begin

2024-08-22 14:16:55.134 INFO  [5] [VM.GlobalScript.Support.UserGlobalScriptManger::compileGlobalScript@0] Compile begin

2024-08-22 14:16:55.379 INFO  [5] [VM.GlobalScript.Support.UserGlobalScriptSupport::CompileCode@0] 2024-08-22 14:16:55:379 : Compile complete -- 0 Errors, 0 Warnings 


2024-08-22 14:16:55.499 INFO  [5] [VM.GlobalScript.Support.UserGlobalScriptManger::updateBackFile@0] Update BackFile end

2024-08-22 14:16:55.500 INFO  [5] [VM.GlobalScript.Support.UserGlobalScriptManger::compileGlobalScript@0] Compile end

2024-08-22 14:16:55.500 INFO  [5] [VM.GlobalScript.Support.GlobalManager::objLoadDefaultScriptTime_Elapsed@0] Load default globalScript end

2024-08-22 14:17:03.435 INFO  [19] [VM.GlobalScript.Support.GlobalManager::HandleCmd@0] Receive:CloseScript

2024-08-22 14:17:03.451 INFO  [19] [VM.GlobalScript.Support.GlobalManager::HandleCmd@0] Receive end:CloseScript

2024-08-22 14:17:03.486 INFO  [19] [VM.GlobalScript.Support.GlobalManager::HandleCmd@0] Receive:LoadSolution

2024-08-22 14:17:03.550 INFO  [19] [VM.GlobalScript.Support.GlobalManager::HandleCmd@0] Receive end:LoadSolution

2024-08-22 14:17:03.553 INFO  [5] [VM.GlobalScript.Support.UserGlobalScriptManger::compileGlobalScript@0] Compile begin

2024-08-22 14:17:03.557 INFO  [5] [VM.GlobalScript.Support.UserGlobalScriptSupport::CompileCode@0] 2024-08-22 14:17:03:557 : Compile complete -- 0 Errors, 0 Warnings 


2024-08-22 14:17:03.557 INFO  [19] [VM.GlobalScript.Support.GlobalManager::HandleCmd@0] Receive:LoadSolutionEnd

2024-08-22 14:17:03.558 INFO  [19] [VM.GlobalScript.Support.GlobalManager::HandleCmd@0] Receive end:LoadSolutionEnd

2024-08-22 14:17:03.559 INFO  [5] [VM.GlobalScript.Support.UserGlobalScriptManger::updateBackFile@0] Update BackFile end

2024-08-22 14:17:03.560 INFO  [5] [VM.GlobalScript.Support.UserGlobalScriptManger::compileGlobalScript@0] Compile end

2024-08-22 14:17:03.560 INFO  [6] [VM.GlobalScript.Support.UserGlobalScriptManger::loadInitAction@0] ExecuteLoadInit start

2024-08-22 14:17:05.899 INFO  [1] [VM.GlobalScript.Support.GlobalManager::HandleCmd@0] Receive:ExcuteOnce

2024-08-22 14:17:05.900 INFO  [1] [VM.GlobalScript.Support.GlobalManager::HandleCmd@0] Receive end:ExcuteOnce

2024-08-22 14:17:05.901 INFO  [5] [VM.GlobalScript.Support.UserGlobalScriptManger::initSourceAndStartScript@0] InitSourceEndStartScript already init

2024-08-22 14:17:05.907 INFO  [5] [VM.GlobalScript.Support.UserGlobalScriptManger::<StartOnce>b__60_0@0] GlobalScript execute once

2024-08-22 14:40:47.606 INFO  [1] [VMGlobalScript.GlobalScript::Init@0]  ====================================================V4.3.0 GlobalScript Start Print Log====================================================

2024-08-22 14:54:05.368 INFO  [1] [VMGlobalScript.GlobalScript::Init@0]  ====================================================V4.3.0 GlobalScript Start Print Log====================================================

2024-08-22 15:03:43.287 INFO  [1] [VMGlobalScript.GlobalScript::Init@0]  ====================================================V4.3.0 GlobalScript Start Print Log====================================================

2024-08-22 15:19:14.278 INFO  [1] [VMGlobalScript.GlobalScript::Init@0]  ====================================================V4.3.0 GlobalScript Start Print Log====================================================

2024-08-22 15:24:09.335 INFO  [1] [VMGlobalScript.GlobalScript::Init@0]  ====================================================V4.3.0 GlobalScript Start Print Log====================================================

2024-08-22 15:24:14.394 INFO  [3] [VM.GlobalScript.Support.GlobalManager::objLoadDefaultScriptTime_Elapsed@0] Load default globalScript begin

2024-08-22 15:24:14.405 INFO  [3] [VM.GlobalScript.Support.UserGlobalScriptManger::compileGlobalScript@0] Compile begin

2024-08-22 15:24:14.702 INFO  [3] [VM.GlobalScript.Support.UserGlobalScriptSupport::CompileCode@0] 2024-08-22 15:24:14:702 : Compile complete -- 0 Errors, 0 Warnings 


2024-08-22 15:24:14.861 INFO  [3] [VM.GlobalScript.Support.UserGlobalScriptManger::updateBackFile@0] Update BackFile end

2024-08-22 15:24:14.862 INFO  [3] [VM.GlobalScript.Support.UserGlobalScriptManger::compileGlobalScript@0] Compile end

2024-08-22 15:24:14.862 INFO  [3] [VM.GlobalScript.Support.GlobalManager::objLoadDefaultScriptTime_Elapsed@0] Load default globalScript end

2024-08-22 15:24:19.769 INFO  [27] [VM.GlobalScript.Support.GlobalManager::HandleCmd@0] Receive:CloseScript

2024-08-22 15:24:19.776 INFO  [27] [VM.GlobalScript.Support.GlobalManager::HandleCmd@0] Receive end:CloseScript

2024-08-22 15:24:19.814 INFO  [27] [VM.GlobalScript.Support.GlobalManager::HandleCmd@0] Receive:LoadSolution

2024-08-22 15:24:19.880 INFO  [27] [VM.GlobalScript.Support.GlobalManager::HandleCmd@0] Receive end:LoadSolution

2024-08-22 15:24:19.883 INFO  [3] [VM.GlobalScript.Support.UserGlobalScriptManger::compileGlobalScript@0] Compile begin

2024-08-22 15:24:19.886 INFO  [3] [VM.GlobalScript.Support.UserGlobalScriptSupport::CompileCode@0] 2024-08-22 15:24:19:886 : Compile complete -- 0 Errors, 0 Warnings 


2024-08-22 15:24:19.887 INFO  [27] [VM.GlobalScript.Support.GlobalManager::HandleCmd@0] Receive:LoadSolutionEnd

2024-08-22 15:24:19.911 INFO  [3] [VM.GlobalScript.Support.UserGlobalScriptManger::updateBackFile@0] Update BackFile end

2024-08-22 15:24:19.935 INFO  [3] [VM.GlobalScript.Support.UserGlobalScriptManger::compileGlobalScript@0] Compile end

2024-08-22 15:24:19.911 INFO  [27] [VM.GlobalScript.Support.GlobalManager::HandleCmd@0] Receive end:LoadSolutionEnd

2024-08-22 15:24:19.935 INFO  [6] [VM.GlobalScript.Support.UserGlobalScriptManger::loadInitAction@0] ExecuteLoadInit start

2024-08-22 15:24:40.613 INFO  [1] [VM.GlobalScript.Support.GlobalManager::HandleCmd@0] Receive:ExcuteOnce

2024-08-22 15:24:40.615 INFO  [1] [VM.GlobalScript.Support.GlobalManager::HandleCmd@0] Receive end:ExcuteOnce

2024-08-22 15:24:40.616 INFO  [6] [VM.GlobalScript.Support.UserGlobalScriptManger::initSourceAndStartScript@0] InitSourceEndStartScript already init

2024-08-22 15:24:40.624 INFO  [6] [VM.GlobalScript.Support.UserGlobalScriptManger::<StartOnce>b__60_0@0] GlobalScript execute once

2024-08-22 15:28:57.499 INFO  [1] [VM.GlobalScript.Support.GlobalManager::HandleCmd@0] Receive:ExcuteOnce

2024-08-22 15:28:57.500 INFO  [1] [VM.GlobalScript.Support.GlobalManager::HandleCmd@0] Receive end:ExcuteOnce

2024-08-22 15:28:57.500 INFO  [32] [VM.GlobalScript.Support.UserGlobalScriptManger::initSourceAndStartScript@0] InitSourceEndStartScript already init

2024-08-22 15:28:57.503 INFO  [32] [VM.GlobalScript.Support.UserGlobalScriptManger::<StartOnce>b__60_0@0] GlobalScript execute once

2024-08-22 15:29:42.275 INFO  [1] [VMGlobalScript.GlobalScript::Init@0]  ====================================================V4.3.0 GlobalScript Start Print Log====================================================

2024-08-22 15:29:47.341 INFO  [3] [VM.GlobalScript.Support.GlobalManager::objLoadDefaultScriptTime_Elapsed@0] Load default globalScript begin

2024-08-22 15:29:47.355 INFO  [3] [VM.GlobalScript.Support.UserGlobalScriptManger::compileGlobalScript@0] Compile begin

2024-08-22 15:29:47.638 INFO  [3] [VM.GlobalScript.Support.UserGlobalScriptSupport::CompileCode@0] 2024-08-22 15:29:47:638 : Compile complete -- 0 Errors, 0 Warnings 


2024-08-22 15:29:47.797 INFO  [3] [VM.GlobalScript.Support.UserGlobalScriptManger::updateBackFile@0] Update BackFile end

2024-08-22 15:29:47.798 INFO  [3] [VM.GlobalScript.Support.UserGlobalScriptManger::compileGlobalScript@0] Compile end

2024-08-22 15:29:47.798 INFO  [3] [VM.GlobalScript.Support.GlobalManager::objLoadDefaultScriptTime_Elapsed@0] Load default globalScript end

2024-08-22 15:29:52.712 INFO  [27] [VM.GlobalScript.Support.GlobalManager::HandleCmd@0] Receive:CloseScript

2024-08-22 15:29:52.717 INFO  [27] [VM.GlobalScript.Support.GlobalManager::HandleCmd@0] Receive end:CloseScript

2024-08-22 15:29:52.753 INFO  [27] [VM.GlobalScript.Support.GlobalManager::HandleCmd@0] Receive:LoadSolution

2024-08-22 15:29:52.849 INFO  [27] [VM.GlobalScript.Support.GlobalManager::HandleCmd@0] Receive end:LoadSolution

2024-08-22 15:29:52.852 INFO  [3] [VM.GlobalScript.Support.UserGlobalScriptManger::compileGlobalScript@0] Compile begin

2024-08-22 15:29:52.855 INFO  [3] [VM.GlobalScript.Support.UserGlobalScriptSupport::CompileCode@0] 2024-08-22 15:29:52:855 : Compile complete -- 0 Errors, 0 Warnings 


2024-08-22 15:29:52.856 INFO  [27] [VM.GlobalScript.Support.GlobalManager::HandleCmd@0] Receive:LoadSolutionEnd

2024-08-22 15:29:52.857 INFO  [27] [VM.GlobalScript.Support.GlobalManager::HandleCmd@0] Receive end:LoadSolutionEnd

2024-08-22 15:29:52.857 INFO  [3] [VM.GlobalScript.Support.UserGlobalScriptManger::updateBackFile@0] Update BackFile end

2024-08-22 15:29:52.858 INFO  [3] [VM.GlobalScript.Support.UserGlobalScriptManger::compileGlobalScript@0] Compile end

2024-08-22 15:29:52.859 INFO  [6] [VM.GlobalScript.Support.UserGlobalScriptManger::loadInitAction@0] ExecuteLoadInit start

2024-08-22 15:29:56.355 INFO  [1] [VM.GlobalScript.Support.GlobalManager::HandleCmd@0] Receive:ExcuteOnce

2024-08-22 15:29:56.356 INFO  [1] [VM.GlobalScript.Support.GlobalManager::HandleCmd@0] Receive end:ExcuteOnce

2024-08-22 15:29:56.357 INFO  [3] [VM.GlobalScript.Support.UserGlobalScriptManger::initSourceAndStartScript@0] InitSourceEndStartScript already init

2024-08-22 15:29:56.364 INFO  [3] [VM.GlobalScript.Support.UserGlobalScriptManger::<StartOnce>b__60_0@0] GlobalScript execute once

2024-08-22 15:30:28.340 INFO  [1] [VM.GlobalScript.Support.GlobalManager::HandleCmd@0] Receive:ExcuteOnce

2024-08-22 15:30:28.341 INFO  [1] [VM.GlobalScript.Support.GlobalManager::HandleCmd@0] Receive end:ExcuteOnce

2024-08-22 15:30:28.341 INFO  [18] [VM.GlobalScript.Support.UserGlobalScriptManger::initSourceAndStartScript@0] InitSourceEndStartScript already init

2024-08-22 15:30:28.343 INFO  [18] [VM.GlobalScript.Support.UserGlobalScriptManger::<StartOnce>b__60_0@0] GlobalScript execute once

2024-08-22 15:30:30.356 INFO  [1] [VM.GlobalScript.Support.GlobalManager::HandleCmd@0] Receive:ExcuteOnce

2024-08-22 15:30:30.357 INFO  [1] [VM.GlobalScript.Support.GlobalManager::HandleCmd@0] Receive end:ExcuteOnce

2024-08-22 15:30:30.357 INFO  [20] [VM.GlobalScript.Support.UserGlobalScriptManger::initSourceAndStartScript@0] InitSourceEndStartScript already init

2024-08-22 15:30:30.360 INFO  [20] [VM.GlobalScript.Support.UserGlobalScriptManger::<StartOnce>b__60_0@0] GlobalScript execute once

2024-08-23 09:50:35.738 INFO  [1] [VMGlobalScript.GlobalScript::Init@0]  ====================================================V4.3.0 GlobalScript Start Print Log====================================================

2024-08-23 09:50:41.196 INFO  [6] [VM.GlobalScript.Support.GlobalManager::objLoadDefaultScriptTime_Elapsed@0] Load default globalScript begin

2024-08-23 09:50:41.352 INFO  [6] [VM.GlobalScript.Support.UserGlobalScriptManger::compileGlobalScript@0] Compile begin

2024-08-23 09:50:42.602 INFO  [6] [VM.GlobalScript.Support.UserGlobalScriptSupport::CompileCode@0] 2024-08-23 09:50:42:602 : Compile complete -- 0 Errors, 0 Warnings 


2024-08-23 09:50:43.072 INFO  [6] [VM.GlobalScript.Support.UserGlobalScriptManger::updateBackFile@0] Update BackFile end

2024-08-23 09:50:43.073 INFO  [6] [VM.GlobalScript.Support.UserGlobalScriptManger::compileGlobalScript@0] Compile end

2024-08-23 09:50:43.073 INFO  [6] [VM.GlobalScript.Support.GlobalManager::objLoadDefaultScriptTime_Elapsed@0] Load default globalScript end

2024-08-23 09:51:40.859 INFO  [23] [VM.GlobalScript.Support.GlobalManager::HandleCmd@0] Receive:CloseScript

2024-08-23 09:51:40.867 INFO  [23] [VM.GlobalScript.Support.GlobalManager::HandleCmd@0] Receive end:CloseScript

2024-08-23 09:51:41.043 INFO  [23] [VM.GlobalScript.Support.GlobalManager::HandleCmd@0] Receive:LoadSolution

2024-08-23 09:51:41.123 INFO  [23] [VM.GlobalScript.Support.GlobalManager::HandleCmd@0] Receive end:LoadSolution

2024-08-23 09:51:41.128 INFO  [3] [VM.GlobalScript.Support.UserGlobalScriptManger::compileGlobalScript@0] Compile begin

2024-08-23 09:51:41.131 INFO  [3] [VM.GlobalScript.Support.UserGlobalScriptSupport::CompileCode@0] 2024-08-23 09:51:41:131 : Compile complete -- 0 Errors, 0 Warnings 


2024-08-23 09:51:41.134 INFO  [3] [VM.GlobalScript.Support.UserGlobalScriptManger::updateBackFile@0] Update BackFile end

2024-08-23 09:51:41.134 INFO  [3] [VM.GlobalScript.Support.UserGlobalScriptManger::compileGlobalScript@0] Compile end

2024-08-23 09:51:41.196 INFO  [23] [VM.GlobalScript.Support.GlobalManager::HandleCmd@0] Receive:LoadSolutionEnd

2024-08-23 09:51:41.197 INFO  [23] [VM.GlobalScript.Support.GlobalManager::HandleCmd@0] Receive end:LoadSolutionEnd

2024-08-23 09:51:41.198 INFO  [3] [VM.GlobalScript.Support.UserGlobalScriptManger::loadInitAction@0] ExecuteLoadInit start

2024-08-23 10:03:52.396 INFO  [1] [VMGlobalScript.GlobalScript::Init@0]  ====================================================V4.3.0 GlobalScript Start Print Log====================================================

2024-08-23 10:03:57.494 INFO  [3] [VM.GlobalScript.Support.GlobalManager::objLoadDefaultScriptTime_Elapsed@0] Load default globalScript begin

2024-08-23 10:03:57.504 INFO  [3] [VM.GlobalScript.Support.UserGlobalScriptManger::compileGlobalScript@0] Compile begin

2024-08-23 10:03:57.802 INFO  [3] [VM.GlobalScript.Support.UserGlobalScriptSupport::CompileCode@0] 2024-08-23 10:03:57:802 : Compile complete -- 0 Errors, 0 Warnings 


2024-08-23 10:03:57.962 INFO  [3] [VM.GlobalScript.Support.UserGlobalScriptManger::updateBackFile@0] Update BackFile end

2024-08-23 10:03:57.962 INFO  [3] [VM.GlobalScript.Support.UserGlobalScriptManger::compileGlobalScript@0] Compile end

2024-08-23 10:03:57.962 INFO  [3] [VM.GlobalScript.Support.GlobalManager::objLoadDefaultScriptTime_Elapsed@0] Load default globalScript end

2024-08-23 10:04:45.513 INFO  [18] [VM.GlobalScript.Support.GlobalManager::HandleCmd@0] Receive:CloseScript

2024-08-23 10:04:45.520 INFO  [18] [VM.GlobalScript.Support.GlobalManager::HandleCmd@0] Receive end:CloseScript

2024-08-23 10:04:45.580 INFO  [18] [VM.GlobalScript.Support.GlobalManager::HandleCmd@0] Receive:LoadSolution

2024-08-23 10:04:45.655 INFO  [18] [VM.GlobalScript.Support.GlobalManager::HandleCmd@0] Receive end:LoadSolution

2024-08-23 10:04:45.658 INFO  [3] [VM.GlobalScript.Support.UserGlobalScriptManger::compileGlobalScript@0] Compile begin

2024-08-23 10:04:45.661 INFO  [3] [VM.GlobalScript.Support.UserGlobalScriptSupport::CompileCode@0] 2024-08-23 10:04:45:661 : Compile complete -- 0 Errors, 0 Warnings 


2024-08-23 10:04:45.664 INFO  [3] [VM.GlobalScript.Support.UserGlobalScriptManger::updateBackFile@0] Update BackFile end

2024-08-23 10:04:45.664 INFO  [3] [VM.GlobalScript.Support.UserGlobalScriptManger::compileGlobalScript@0] Compile end

2024-08-23 10:04:45.689 INFO  [18] [VM.GlobalScript.Support.GlobalManager::HandleCmd@0] Receive:LoadSolutionEnd

2024-08-23 10:04:45.689 INFO  [18] [VM.GlobalScript.Support.GlobalManager::HandleCmd@0] Receive end:LoadSolutionEnd

2024-08-23 10:04:45.690 INFO  [17] [VM.GlobalScript.Support.UserGlobalScriptManger::loadInitAction@0] ExecuteLoadInit start

2024-08-23 10:05:34.680 INFO  [1] [VM.GlobalScript.Support.UserGlobalScriptManger::CloseScript@0] Global script cancel UinitSDK end

2024-08-23 13:24:50.851 INFO  [1] [VMGlobalScript.GlobalScript::Init@0]  ====================================================V4.3.0 GlobalScript Start Print Log====================================================

2024-08-23 13:24:56.353 INFO  [4] [VM.GlobalScript.Support.GlobalManager::objLoadDefaultScriptTime_Elapsed@0] Load default globalScript begin

2024-08-23 13:24:56.505 INFO  [4] [VM.GlobalScript.Support.UserGlobalScriptManger::compileGlobalScript@0] Compile begin

2024-08-23 13:24:57.757 INFO  [4] [VM.GlobalScript.Support.UserGlobalScriptSupport::CompileCode@0] 2024-08-23 13:24:57:757 : Compile complete -- 0 Errors, 0 Warnings 


2024-08-23 13:24:58.308 INFO  [4] [VM.GlobalScript.Support.UserGlobalScriptManger::updateBackFile@0] Update BackFile end

2024-08-23 13:24:58.309 INFO  [4] [VM.GlobalScript.Support.UserGlobalScriptManger::compileGlobalScript@0] Compile end

2024-08-23 13:24:58.309 INFO  [4] [VM.GlobalScript.Support.GlobalManager::objLoadDefaultScriptTime_Elapsed@0] Load default globalScript end

2024-08-23 13:25:20.507 INFO  [13] [VM.GlobalScript.Support.GlobalManager::HandleCmd@0] Receive:CloseScript

2024-08-23 13:25:20.516 INFO  [13] [VM.GlobalScript.Support.GlobalManager::HandleCmd@0] Receive end:CloseScript

2024-08-23 13:25:20.714 INFO  [13] [VM.GlobalScript.Support.GlobalManager::HandleCmd@0] Receive:LoadSolution

2024-08-23 13:25:20.794 INFO  [13] [VM.GlobalScript.Support.GlobalManager::HandleCmd@0] Receive end:LoadSolution

2024-08-23 13:25:20.797 INFO  [3] [VM.GlobalScript.Support.UserGlobalScriptManger::compileGlobalScript@0] Compile begin

2024-08-23 13:25:20.802 INFO  [3] [VM.GlobalScript.Support.UserGlobalScriptSupport::CompileCode@0] 2024-08-23 13:25:20:802 : Compile complete -- 0 Errors, 0 Warnings 


2024-08-23 13:25:20.805 INFO  [3] [VM.GlobalScript.Support.UserGlobalScriptManger::updateBackFile@0] Update BackFile end

2024-08-23 13:25:20.806 INFO  [3] [VM.GlobalScript.Support.UserGlobalScriptManger::compileGlobalScript@0] Compile end

2024-08-23 13:25:20.875 INFO  [13] [VM.GlobalScript.Support.GlobalManager::HandleCmd@0] Receive:LoadSolutionEnd

2024-08-23 13:25:20.876 INFO  [13] [VM.GlobalScript.Support.GlobalManager::HandleCmd@0] Receive end:LoadSolutionEnd

2024-08-23 13:25:20.877 INFO  [3] [VM.GlobalScript.Support.UserGlobalScriptManger::loadInitAction@0] ExecuteLoadInit start

2024-08-23 13:37:50.418 INFO  [1] [VMGlobalScript.GlobalScript::Init@0]  ====================================================V4.3.0 GlobalScript Start Print Log====================================================

2024-08-23 13:37:55.488 INFO  [3] [VM.GlobalScript.Support.GlobalManager::objLoadDefaultScriptTime_Elapsed@0] Load default globalScript begin

2024-08-23 13:37:55.501 INFO  [3] [VM.GlobalScript.Support.UserGlobalScriptManger::compileGlobalScript@0] Compile begin

2024-08-23 13:37:55.785 INFO  [3] [VM.GlobalScript.Support.UserGlobalScriptSupport::CompileCode@0] 2024-08-23 13:37:55:785 : Compile complete -- 0 Errors, 0 Warnings 


2024-08-23 13:37:55.953 INFO  [3] [VM.GlobalScript.Support.UserGlobalScriptManger::updateBackFile@0] Update BackFile end

2024-08-23 13:37:55.954 INFO  [3] [VM.GlobalScript.Support.UserGlobalScriptManger::compileGlobalScript@0] Compile end

2024-08-23 13:37:55.954 INFO  [3] [VM.GlobalScript.Support.GlobalManager::objLoadDefaultScriptTime_Elapsed@0] Load default globalScript end

2024-08-23 13:38:01.758 INFO  [25] [VM.GlobalScript.Support.GlobalManager::HandleCmd@0] Receive:CloseScript

2024-08-23 13:38:01.764 INFO  [25] [VM.GlobalScript.Support.GlobalManager::HandleCmd@0] Receive end:CloseScript

2024-08-23 13:38:01.842 INFO  [25] [VM.GlobalScript.Support.GlobalManager::HandleCmd@0] Receive:LoadSolution

2024-08-23 13:38:01.922 INFO  [25] [VM.GlobalScript.Support.GlobalManager::HandleCmd@0] Receive end:LoadSolution

2024-08-23 13:38:01.925 INFO  [3] [VM.GlobalScript.Support.UserGlobalScriptManger::compileGlobalScript@0] Compile begin

2024-08-23 13:38:01.956 INFO  [25] [VM.GlobalScript.Support.GlobalManager::HandleCmd@0] Receive:LoadSolutionEnd

2024-08-23 13:38:01.957 INFO  [25] [VM.GlobalScript.Support.GlobalManager::HandleCmd@0] Receive end:LoadSolutionEnd

2024-08-23 13:38:01.958 INFO  [3] [VM.GlobalScript.Support.UserGlobalScriptSupport::CompileCode@0] 2024-08-23 13:38:01:958 : Compile complete -- 0 Errors, 0 Warnings 


2024-08-23 13:38:01.959 INFO  [3] [VM.GlobalScript.Support.UserGlobalScriptManger::updateBackFile@0] Update BackFile end

2024-08-23 13:38:01.960 INFO  [3] [VM.GlobalScript.Support.UserGlobalScriptManger::compileGlobalScript@0] Compile end

2024-08-23 13:38:01.960 INFO  [6] [VM.GlobalScript.Support.UserGlobalScriptManger::loadInitAction@0] ExecuteLoadInit start

2024-08-23 13:40:32.696 INFO  [1] [VMGlobalScript.GlobalScript::Init@0]  ====================================================V4.3.0 GlobalScript Start Print Log====================================================

2024-08-23 13:40:37.803 INFO  [3] [VM.GlobalScript.Support.GlobalManager::objLoadDefaultScriptTime_Elapsed@0] Load default globalScript begin

2024-08-23 13:40:37.816 INFO  [3] [VM.GlobalScript.Support.UserGlobalScriptManger::compileGlobalScript@0] Compile begin

2024-08-23 13:40:38.090 INFO  [3] [VM.GlobalScript.Support.UserGlobalScriptSupport::CompileCode@0] 2024-08-23 13:40:38:090 : Compile complete -- 0 Errors, 0 Warnings 


2024-08-23 13:40:38.251 INFO  [3] [VM.GlobalScript.Support.UserGlobalScriptManger::updateBackFile@0] Update BackFile end

2024-08-23 13:40:38.252 INFO  [3] [VM.GlobalScript.Support.UserGlobalScriptManger::compileGlobalScript@0] Compile end

2024-08-23 13:40:38.252 INFO  [3] [VM.GlobalScript.Support.GlobalManager::objLoadDefaultScriptTime_Elapsed@0] Load default globalScript end

2024-08-23 13:40:48.317 INFO  [26] [VM.GlobalScript.Support.GlobalManager::HandleCmd@0] Receive:CloseScript

2024-08-23 13:40:48.325 INFO  [26] [VM.GlobalScript.Support.GlobalManager::HandleCmd@0] Receive end:CloseScript

2024-08-23 13:40:48.518 INFO  [26] [VM.GlobalScript.Support.GlobalManager::HandleCmd@0] Receive:LoadSolution

2024-08-23 13:40:48.577 INFO  [26] [VM.GlobalScript.Support.GlobalManager::HandleCmd@0] Receive end:LoadSolution

2024-08-23 13:40:48.580 INFO  [3] [VM.GlobalScript.Support.UserGlobalScriptManger::compileGlobalScript@0] Compile begin

2024-08-23 13:40:48.584 INFO  [3] [VM.GlobalScript.Support.UserGlobalScriptSupport::CompileCode@0] 2024-08-23 13:40:48:584 : Compile complete -- 0 Errors, 0 Warnings 


2024-08-23 13:40:48.584 INFO  [26] [VM.GlobalScript.Support.GlobalManager::HandleCmd@0] Receive:LoadSolutionEnd

2024-08-23 13:40:48.606 INFO  [3] [VM.GlobalScript.Support.UserGlobalScriptManger::updateBackFile@0] Update BackFile end

2024-08-23 13:40:48.607 INFO  [3] [VM.GlobalScript.Support.UserGlobalScriptManger::compileGlobalScript@0] Compile end

2024-08-23 13:40:48.607 INFO  [6] [VM.GlobalScript.Support.UserGlobalScriptManger::loadInitAction@0] ExecuteLoadInit start

2024-08-23 13:40:48.606 INFO  [26] [VM.GlobalScript.Support.GlobalManager::HandleCmd@0] Receive end:LoadSolutionEnd

2024-08-23 13:41:46.860 INFO  [26] [VM.GlobalScript.Support.GlobalManager::HandleCmd@0] Receive:CloseScript

2024-08-23 13:41:46.862 INFO  [26] [VM.GlobalScript.Support.GlobalManager::HandleCmd@0] Receive end:CloseScript

2024-08-23 13:41:46.933 INFO  [26] [VM.GlobalScript.Support.GlobalManager::HandleCmd@0] Receive:LoadSolution

2024-08-23 13:41:46.934 INFO  [26] [VM.GlobalScript.Support.GlobalManager::HandleCmd@0] Receive end:LoadSolution

2024-08-23 13:41:46.945 INFO  [12] [VM.GlobalScript.Support.UserGlobalScriptManger::compileGlobalScript@0] Compile begin

2024-08-23 13:41:46.954 INFO  [12] [VM.GlobalScript.Support.UserGlobalScriptSupport::CompileCode@0] 2024-08-23 13:41:46:954 : Compile complete -- 0 Errors, 0 Warnings 


2024-08-23 13:41:46.957 INFO  [12] [VM.GlobalScript.Support.UserGlobalScriptManger::updateBackFile@0] Update BackFile end

2024-08-23 13:41:46.957 INFO  [12] [VM.GlobalScript.Support.UserGlobalScriptManger::compileGlobalScript@0] Compile end

2024-08-23 13:41:47.038 INFO  [26] [VM.GlobalScript.Support.GlobalManager::HandleCmd@0] Receive:LoadSolutionEnd

2024-08-23 13:41:47.039 INFO  [26] [VM.GlobalScript.Support.GlobalManager::HandleCmd@0] Receive end:LoadSolutionEnd

2024-08-23 13:41:47.039 INFO  [3] [VM.GlobalScript.Support.UserGlobalScriptManger::loadInitAction@0] ExecuteLoadInit start

2024-08-23 13:45:21.114 INFO  [1] [VMGlobalScript.GlobalScript::Init@0]  ====================================================V4.3.0 GlobalScript Start Print Log====================================================

2024-08-23 13:45:26.179 INFO  [3] [VM.GlobalScript.Support.GlobalManager::objLoadDefaultScriptTime_Elapsed@0] Load default globalScript begin

2024-08-23 13:45:26.190 INFO  [3] [VM.GlobalScript.Support.UserGlobalScriptManger::compileGlobalScript@0] Compile begin

2024-08-23 13:45:26.552 INFO  [3] [VM.GlobalScript.Support.UserGlobalScriptSupport::CompileCode@0] 2024-08-23 13:45:26:552 : Compile complete -- 0 Errors, 0 Warnings 


2024-08-23 13:45:26.711 INFO  [3] [VM.GlobalScript.Support.UserGlobalScriptManger::updateBackFile@0] Update BackFile end

2024-08-23 13:45:26.712 INFO  [3] [VM.GlobalScript.Support.UserGlobalScriptManger::compileGlobalScript@0] Compile end

2024-08-23 13:45:26.712 INFO  [3] [VM.GlobalScript.Support.GlobalManager::objLoadDefaultScriptTime_Elapsed@0] Load default globalScript end

2024-08-23 13:45:36.001 INFO  [27] [VM.GlobalScript.Support.GlobalManager::HandleCmd@0] Receive:CloseScript

2024-08-23 13:45:36.006 INFO  [27] [VM.GlobalScript.Support.GlobalManager::HandleCmd@0] Receive end:CloseScript

2024-08-23 13:45:36.058 INFO  [27] [VM.GlobalScript.Support.GlobalManager::HandleCmd@0] Receive:LoadSolution

2024-08-23 13:45:36.143 INFO  [27] [VM.GlobalScript.Support.GlobalManager::HandleCmd@0] Receive end:LoadSolution

2024-08-23 13:45:36.146 INFO  [3] [VM.GlobalScript.Support.UserGlobalScriptManger::compileGlobalScript@0] Compile begin

2024-08-23 13:45:36.149 INFO  [3] [VM.GlobalScript.Support.UserGlobalScriptSupport::CompileCode@0] 2024-08-23 13:45:36:149 : Compile complete -- 0 Errors, 0 Warnings 


2024-08-23 13:45:36.151 INFO  [3] [VM.GlobalScript.Support.UserGlobalScriptManger::updateBackFile@0] Update BackFile end

2024-08-23 13:45:36.152 INFO  [3] [VM.GlobalScript.Support.UserGlobalScriptManger::compileGlobalScript@0] Compile end

2024-08-23 13:45:36.166 INFO  [27] [VM.GlobalScript.Support.GlobalManager::HandleCmd@0] Receive:LoadSolutionEnd

2024-08-23 13:45:36.167 INFO  [27] [VM.GlobalScript.Support.GlobalManager::HandleCmd@0] Receive end:LoadSolutionEnd

2024-08-23 13:45:36.167 INFO  [3] [VM.GlobalScript.Support.UserGlobalScriptManger::loadInitAction@0] ExecuteLoadInit start

2024-08-23 13:47:42.995 INFO  [1] [VM.GlobalScript.Support.UserGlobalScriptManger::CloseScript@0] Global script cancel UinitSDK end

2024-08-23 13:48:07.588 INFO  [1] [VMGlobalScript.GlobalScript::Init@0]  ====================================================V4.3.0 GlobalScript Start Print Log====================================================

2024-08-23 13:48:12.662 INFO  [3] [VM.GlobalScript.Support.GlobalManager::objLoadDefaultScriptTime_Elapsed@0] Load default globalScript begin

2024-08-23 13:48:12.675 INFO  [3] [VM.GlobalScript.Support.UserGlobalScriptManger::compileGlobalScript@0] Compile begin

2024-08-23 13:48:12.941 INFO  [3] [VM.GlobalScript.Support.UserGlobalScriptSupport::CompileCode@0] 2024-08-23 13:48:12:941 : Compile complete -- 0 Errors, 0 Warnings 


2024-08-23 13:48:13.099 INFO  [3] [VM.GlobalScript.Support.UserGlobalScriptManger::updateBackFile@0] Update BackFile end

2024-08-23 13:48:13.100 INFO  [3] [VM.GlobalScript.Support.UserGlobalScriptManger::compileGlobalScript@0] Compile end

2024-08-23 13:48:13.100 INFO  [3] [VM.GlobalScript.Support.GlobalManager::objLoadDefaultScriptTime_Elapsed@0] Load default globalScript end

2024-08-23 13:48:19.123 INFO  [26] [VM.GlobalScript.Support.GlobalManager::HandleCmd@0] Receive:CloseScript

2024-08-23 13:48:19.130 INFO  [26] [VM.GlobalScript.Support.GlobalManager::HandleCmd@0] Receive end:CloseScript

2024-08-23 13:48:19.183 INFO  [26] [VM.GlobalScript.Support.GlobalManager::HandleCmd@0] Receive:LoadSolution

2024-08-23 13:48:19.261 INFO  [26] [VM.GlobalScript.Support.GlobalManager::HandleCmd@0] Receive end:LoadSolution

2024-08-23 13:48:19.285 INFO  [20] [VM.GlobalScript.Support.UserGlobalScriptManger::compileGlobalScript@0] Compile begin

2024-08-23 13:48:19.289 INFO  [20] [VM.GlobalScript.Support.UserGlobalScriptSupport::CompileCode@0] 2024-08-23 13:48:19:288 : Compile complete -- 0 Errors, 0 Warnings 


2024-08-23 13:48:19.291 INFO  [20] [VM.GlobalScript.Support.UserGlobalScriptManger::updateBackFile@0] Update BackFile end

2024-08-23 13:48:19.292 INFO  [20] [VM.GlobalScript.Support.UserGlobalScriptManger::compileGlobalScript@0] Compile end

2024-08-23 13:48:19.293 INFO  [26] [VM.GlobalScript.Support.GlobalManager::HandleCmd@0] Receive:LoadSolutionEnd

2024-08-23 13:48:19.294 INFO  [26] [VM.GlobalScript.Support.GlobalManager::HandleCmd@0] Receive end:LoadSolutionEnd

2024-08-23 13:48:19.296 INFO  [20] [VM.GlobalScript.Support.UserGlobalScriptManger::loadInitAction@0] ExecuteLoadInit start

2024-08-23 13:49:41.358 INFO  [1] [VM.GlobalScript.Support.UserGlobalScriptManger::CloseScript@0] Global script cancel UinitSDK end

2024-08-23 13:51:44.263 INFO  [1] [VMGlobalScript.GlobalScript::Init@0]  ====================================================V4.3.0 GlobalScript Start Print Log====================================================

2024-08-23 13:51:49.370 INFO  [3] [VM.GlobalScript.Support.GlobalManager::objLoadDefaultScriptTime_Elapsed@0] Load default globalScript begin

2024-08-23 13:51:49.381 INFO  [3] [VM.GlobalScript.Support.UserGlobalScriptManger::compileGlobalScript@0] Compile begin

2024-08-23 13:51:49.649 INFO  [3] [VM.GlobalScript.Support.UserGlobalScriptSupport::CompileCode@0] 2024-08-23 13:51:49:649 : Compile complete -- 0 Errors, 0 Warnings 


2024-08-23 13:51:49.818 INFO  [3] [VM.GlobalScript.Support.UserGlobalScriptManger::updateBackFile@0] Update BackFile end

2024-08-23 13:51:49.818 INFO  [3] [VM.GlobalScript.Support.UserGlobalScriptManger::compileGlobalScript@0] Compile end

2024-08-23 13:51:49.819 INFO  [3] [VM.GlobalScript.Support.GlobalManager::objLoadDefaultScriptTime_Elapsed@0] Load default globalScript end

2024-08-23 13:51:54.809 INFO  [26] [VM.GlobalScript.Support.GlobalManager::HandleCmd@0] Receive:CloseScript

2024-08-23 13:51:54.816 INFO  [26] [VM.GlobalScript.Support.GlobalManager::HandleCmd@0] Receive end:CloseScript

2024-08-23 13:51:54.869 INFO  [26] [VM.GlobalScript.Support.GlobalManager::HandleCmd@0] Receive:LoadSolution

2024-08-23 13:51:54.944 INFO  [26] [VM.GlobalScript.Support.GlobalManager::HandleCmd@0] Receive end:LoadSolution

2024-08-23 13:51:54.954 INFO  [3] [VM.GlobalScript.Support.UserGlobalScriptManger::compileGlobalScript@0] Compile begin

2024-08-23 13:51:54.956 INFO  [3] [VM.GlobalScript.Support.UserGlobalScriptSupport::CompileCode@0] 2024-08-23 13:51:54:956 : Compile complete -- 0 Errors, 0 Warnings 


2024-08-23 13:51:54.959 INFO  [3] [VM.GlobalScript.Support.UserGlobalScriptManger::updateBackFile@0] Update BackFile end

2024-08-23 13:51:54.959 INFO  [3] [VM.GlobalScript.Support.UserGlobalScriptManger::compileGlobalScript@0] Compile end

2024-08-23 13:51:54.978 INFO  [26] [VM.GlobalScript.Support.GlobalManager::HandleCmd@0] Receive:LoadSolutionEnd

2024-08-23 13:51:54.979 INFO  [26] [VM.GlobalScript.Support.GlobalManager::HandleCmd@0] Receive end:LoadSolutionEnd

2024-08-23 13:51:54.979 INFO  [4] [VM.GlobalScript.Support.UserGlobalScriptManger::loadInitAction@0] ExecuteLoadInit start

2024-08-23 13:54:43.102 INFO  [1] [VMGlobalScript.GlobalScript::Init@0]  ====================================================V4.3.0 GlobalScript Start Print Log====================================================

2024-08-23 13:54:48.189 INFO  [3] [VM.GlobalScript.Support.GlobalManager::objLoadDefaultScriptTime_Elapsed@0] Load default globalScript begin

2024-08-23 13:54:48.206 INFO  [3] [VM.GlobalScript.Support.UserGlobalScriptManger::compileGlobalScript@0] Compile begin

2024-08-23 13:54:48.523 INFO  [3] [VM.GlobalScript.Support.UserGlobalScriptSupport::CompileCode@0] 2024-08-23 13:54:48:523 : Compile complete -- 0 Errors, 0 Warnings 


2024-08-23 13:54:48.681 INFO  [3] [VM.GlobalScript.Support.UserGlobalScriptManger::updateBackFile@0] Update BackFile end

2024-08-23 13:54:48.681 INFO  [3] [VM.GlobalScript.Support.UserGlobalScriptManger::compileGlobalScript@0] Compile end

2024-08-23 13:54:48.682 INFO  [3] [VM.GlobalScript.Support.GlobalManager::objLoadDefaultScriptTime_Elapsed@0] Load default globalScript end

2024-08-23 13:54:51.503 INFO  [24] [VM.GlobalScript.Support.GlobalManager::HandleCmd@0] Receive:CloseScript

2024-08-23 13:54:51.511 INFO  [24] [VM.GlobalScript.Support.GlobalManager::HandleCmd@0] Receive end:CloseScript

2024-08-23 13:54:51.562 INFO  [24] [VM.GlobalScript.Support.GlobalManager::HandleCmd@0] Receive:LoadSolution

2024-08-23 13:54:51.659 INFO  [24] [VM.GlobalScript.Support.GlobalManager::HandleCmd@0] Receive end:LoadSolution

2024-08-23 13:54:51.662 INFO  [3] [VM.GlobalScript.Support.UserGlobalScriptManger::compileGlobalScript@0] Compile begin

2024-08-23 13:54:51.666 INFO  [3] [VM.GlobalScript.Support.UserGlobalScriptSupport::CompileCode@0] 2024-08-23 13:54:51:666 : Compile complete -- 0 Errors, 0 Warnings 


2024-08-23 13:54:51.671 INFO  [3] [VM.GlobalScript.Support.UserGlobalScriptManger::updateBackFile@0] Update BackFile end

2024-08-23 13:54:51.672 INFO  [3] [VM.GlobalScript.Support.UserGlobalScriptManger::compileGlobalScript@0] Compile end

2024-08-23 13:54:51.675 INFO  [24] [VM.GlobalScript.Support.GlobalManager::HandleCmd@0] Receive:LoadSolutionEnd

2024-08-23 13:54:51.676 INFO  [24] [VM.GlobalScript.Support.GlobalManager::HandleCmd@0] Receive end:LoadSolutionEnd

2024-08-23 13:54:51.676 INFO  [6] [VM.GlobalScript.Support.UserGlobalScriptManger::loadInitAction@0] ExecuteLoadInit start

2024-08-23 14:01:54.725 INFO  [1] [VMGlobalScript.GlobalScript::Init@0]  ====================================================V4.3.0 GlobalScript Start Print Log====================================================

2024-08-23 14:01:59.806 INFO  [3] [VM.GlobalScript.Support.GlobalManager::objLoadDefaultScriptTime_Elapsed@0] Load default globalScript begin

2024-08-23 14:01:59.821 INFO  [3] [VM.GlobalScript.Support.UserGlobalScriptManger::compileGlobalScript@0] Compile begin

2024-08-23 14:02:00.133 INFO  [3] [VM.GlobalScript.Support.UserGlobalScriptSupport::CompileCode@0] 2024-08-23 14:02:00:133 : Compile complete -- 0 Errors, 0 Warnings 


2024-08-23 14:02:00.338 INFO  [3] [VM.GlobalScript.Support.UserGlobalScriptManger::updateBackFile@0] Update BackFile end

2024-08-23 14:02:00.338 INFO  [3] [VM.GlobalScript.Support.UserGlobalScriptManger::compileGlobalScript@0] Compile end

2024-08-23 14:02:00.339 INFO  [3] [VM.GlobalScript.Support.GlobalManager::objLoadDefaultScriptTime_Elapsed@0] Load default globalScript end

2024-08-23 14:02:04.523 INFO  [27] [VM.GlobalScript.Support.GlobalManager::HandleCmd@0] Receive:CloseScript

2024-08-23 14:02:04.529 INFO  [27] [VM.GlobalScript.Support.GlobalManager::HandleCmd@0] Receive end:CloseScript

2024-08-23 14:02:04.586 INFO  [27] [VM.GlobalScript.Support.GlobalManager::HandleCmd@0] Receive:LoadSolution

2024-08-23 14:02:04.662 INFO  [27] [VM.GlobalScript.Support.GlobalManager::HandleCmd@0] Receive end:LoadSolution

2024-08-23 14:02:04.665 INFO  [3] [VM.GlobalScript.Support.UserGlobalScriptManger::compileGlobalScript@0] Compile begin

2024-08-23 14:02:04.668 INFO  [3] [VM.GlobalScript.Support.UserGlobalScriptSupport::CompileCode@0] 2024-08-23 14:02:04:668 : Compile complete -- 0 Errors, 0 Warnings 


2024-08-23 14:02:04.671 INFO  [3] [VM.GlobalScript.Support.UserGlobalScriptManger::updateBackFile@0] Update BackFile end

2024-08-23 14:02:04.671 INFO  [3] [VM.GlobalScript.Support.UserGlobalScriptManger::compileGlobalScript@0] Compile end

2024-08-23 14:02:04.693 INFO  [27] [VM.GlobalScript.Support.GlobalManager::HandleCmd@0] Receive:LoadSolutionEnd

2024-08-23 14:02:04.693 INFO  [27] [VM.GlobalScript.Support.GlobalManager::HandleCmd@0] Receive end:LoadSolutionEnd

2024-08-23 14:02:04.694 INFO  [6] [VM.GlobalScript.Support.UserGlobalScriptManger::loadInitAction@0] ExecuteLoadInit start

2024-08-23 14:05:08.081 INFO  [1] [VM.GlobalScript.Support.GlobalManager::HandleCmd@0] Receive:ExcuteOnce

2024-08-23 14:05:08.083 INFO  [1] [VM.GlobalScript.Support.GlobalManager::HandleCmd@0] Receive end:ExcuteOnce

2024-08-23 14:05:08.089 INFO  [3] [VM.GlobalScript.Support.UserGlobalScriptManger::initSourceAndStartScript@0] InitSourceEndStartScript already init

2024-08-23 14:05:08.098 INFO  [3] [VM.GlobalScript.Support.UserGlobalScriptManger::<StartOnce>b__60_0@0] GlobalScript execute once

2024-08-23 14:11:17.703 INFO  [1] [VMGlobalScript.GlobalScript::Init@0]  ====================================================V4.3.0 GlobalScript Start Print Log====================================================

2024-08-23 14:11:22.790 INFO  [3] [VM.GlobalScript.Support.GlobalManager::objLoadDefaultScriptTime_Elapsed@0] Load default globalScript begin

2024-08-23 14:11:22.806 INFO  [3] [VM.GlobalScript.Support.UserGlobalScriptManger::compileGlobalScript@0] Compile begin

2024-08-23 14:11:23.144 INFO  [3] [VM.GlobalScript.Support.UserGlobalScriptSupport::CompileCode@0] 2024-08-23 14:11:23:144 : Compile complete -- 0 Errors, 0 Warnings 


2024-08-23 14:11:23.304 INFO  [3] [VM.GlobalScript.Support.UserGlobalScriptManger::updateBackFile@0] Update BackFile end

2024-08-23 14:11:23.304 INFO  [3] [VM.GlobalScript.Support.UserGlobalScriptManger::compileGlobalScript@0] Compile end

2024-08-23 14:11:23.305 INFO  [3] [VM.GlobalScript.Support.GlobalManager::objLoadDefaultScriptTime_Elapsed@0] Load default globalScript end

2024-08-23 14:11:26.566 INFO  [26] [VM.GlobalScript.Support.GlobalManager::HandleCmd@0] Receive:CloseScript

2024-08-23 14:11:26.572 INFO  [26] [VM.GlobalScript.Support.GlobalManager::HandleCmd@0] Receive end:CloseScript

2024-08-23 14:11:26.625 INFO  [26] [VM.GlobalScript.Support.GlobalManager::HandleCmd@0] Receive:LoadSolution

2024-08-23 14:11:26.701 INFO  [26] [VM.GlobalScript.Support.GlobalManager::HandleCmd@0] Receive end:LoadSolution

2024-08-23 14:11:26.706 INFO  [6] [VM.GlobalScript.Support.UserGlobalScriptManger::compileGlobalScript@0] Compile begin

2024-08-23 14:11:26.709 INFO  [26] [VM.GlobalScript.Support.GlobalManager::HandleCmd@0] Receive:LoadSolutionEnd

2024-08-23 14:11:26.711 INFO  [26] [VM.GlobalScript.Support.GlobalManager::HandleCmd@0] Receive end:LoadSolutionEnd

2024-08-23 14:11:26.717 INFO  [6] [VM.GlobalScript.Support.UserGlobalScriptSupport::CompileCode@0] 2024-08-23 14:11:26:717 : Compile complete -- 0 Errors, 0 Warnings 


2024-08-23 14:11:26.718 INFO  [6] [VM.GlobalScript.Support.UserGlobalScriptManger::updateBackFile@0] Update BackFile end

2024-08-23 14:11:26.719 INFO  [6] [VM.GlobalScript.Support.UserGlobalScriptManger::compileGlobalScript@0] Compile end

2024-08-23 14:11:26.719 INFO  [3] [VM.GlobalScript.Support.UserGlobalScriptManger::loadInitAction@0] ExecuteLoadInit start

2024-08-23 14:14:53.346 INFO  [1] [VM.GlobalScript.Support.UserGlobalScriptManger::CloseScript@0] Global script cancel UinitSDK end

2024-08-23 14:48:54.500 INFO  [1] [VMGlobalScript.GlobalScript::Init@0]  ====================================================V4.3.0 GlobalScript Start Print Log====================================================

2024-08-23 14:48:59.574 INFO  [3] [VM.GlobalScript.Support.GlobalManager::objLoadDefaultScriptTime_Elapsed@0] Load default globalScript begin

2024-08-23 14:48:59.588 INFO  [3] [VM.GlobalScript.Support.UserGlobalScriptManger::compileGlobalScript@0] Compile begin

2024-08-23 14:48:59.868 INFO  [3] [VM.GlobalScript.Support.UserGlobalScriptSupport::CompileCode@0] 2024-08-23 14:48:59:868 : Compile complete -- 0 Errors, 0 Warnings 


2024-08-23 14:49:00.029 INFO  [3] [VM.GlobalScript.Support.UserGlobalScriptManger::updateBackFile@0] Update BackFile end

2024-08-23 14:49:00.030 INFO  [3] [VM.GlobalScript.Support.UserGlobalScriptManger::compileGlobalScript@0] Compile end

2024-08-23 14:49:00.030 INFO  [3] [VM.GlobalScript.Support.GlobalManager::objLoadDefaultScriptTime_Elapsed@0] Load default globalScript end

2024-08-23 14:50:06.866 INFO  [12] [VM.GlobalScript.Support.GlobalManager::HandleCmd@0] Receive:CloseScript

2024-08-23 14:50:06.871 INFO  [12] [VM.GlobalScript.Support.GlobalManager::HandleCmd@0] Receive end:CloseScript

2024-08-23 14:50:06.905 INFO  [12] [VM.GlobalScript.Support.GlobalManager::HandleCmd@0] Receive:LoadSolution

2024-08-23 14:50:06.993 INFO  [12] [VM.GlobalScript.Support.GlobalManager::HandleCmd@0] Receive end:LoadSolution

2024-08-23 14:50:06.996 INFO  [17] [VM.GlobalScript.Support.UserGlobalScriptManger::compileGlobalScript@0] Compile begin

2024-08-23 14:50:06.999 INFO  [17] [VM.GlobalScript.Support.UserGlobalScriptSupport::CompileCode@0] 2024-08-23 14:50:06:999 : Compile complete -- 0 Errors, 0 Warnings 


2024-08-23 14:50:07.002 INFO  [17] [VM.GlobalScript.Support.UserGlobalScriptManger::updateBackFile@0] Update BackFile end

2024-08-23 14:50:07.025 INFO  [17] [VM.GlobalScript.Support.UserGlobalScriptManger::compileGlobalScript@0] Compile end

2024-08-23 14:50:07.025 INFO  [12] [VM.GlobalScript.Support.GlobalManager::HandleCmd@0] Receive:LoadSolutionEnd

2024-08-23 14:50:07.026 INFO  [12] [VM.GlobalScript.Support.GlobalManager::HandleCmd@0] Receive end:LoadSolutionEnd

2024-08-23 14:50:07.027 INFO  [18] [VM.GlobalScript.Support.UserGlobalScriptManger::loadInitAction@0] ExecuteLoadInit start

2024-08-23 15:17:11.126 INFO  [1] [VM.GlobalScript.Support.GlobalManager::HandleCmd@0] Receive:ExcuteOnce

2024-08-23 15:17:11.128 INFO  [1] [VM.GlobalScript.Support.GlobalManager::HandleCmd@0] Receive end:ExcuteOnce

2024-08-23 15:17:11.129 INFO  [3] [VM.GlobalScript.Support.UserGlobalScriptManger::initSourceAndStartScript@0] InitSourceEndStartScript already init

2024-08-23 15:17:11.183 INFO  [3] [VM.GlobalScript.Support.UserGlobalScriptManger::<StartOnce>b__60_0@0] GlobalScript execute once

2024-08-23 15:19:05.158 INFO  [1] [VM.GlobalScript.Support.UserGlobalScriptManger::CloseScript@0] Global script cancel UinitSDK end

2024-08-23 16:14:05.281 INFO  [1] [VMGlobalScript.GlobalScript::Init@0]  ====================================================V4.3.0 GlobalScript Start Print Log====================================================

2024-08-23 16:14:10.353 INFO  [3] [VM.GlobalScript.Support.GlobalManager::objLoadDefaultScriptTime_Elapsed@0] Load default globalScript begin

2024-08-23 16:14:10.377 INFO  [3] [VM.GlobalScript.Support.UserGlobalScriptManger::compileGlobalScript@0] Compile begin

2024-08-23 16:14:10.664 INFO  [3] [VM.GlobalScript.Support.UserGlobalScriptSupport::CompileCode@0] 2024-08-23 16:14:10:664 : Compile complete -- 0 Errors, 0 Warnings 


2024-08-23 16:14:10.828 INFO  [3] [VM.GlobalScript.Support.UserGlobalScriptManger::updateBackFile@0] Update BackFile end

2024-08-23 16:14:10.828 INFO  [3] [VM.GlobalScript.Support.UserGlobalScriptManger::compileGlobalScript@0] Compile end

2024-08-23 16:14:10.829 INFO  [3] [VM.GlobalScript.Support.GlobalManager::objLoadDefaultScriptTime_Elapsed@0] Load default globalScript end

2024-08-23 16:14:16.476 INFO  [26] [VM.GlobalScript.Support.GlobalManager::HandleCmd@0] Receive:CloseScript

2024-08-23 16:14:16.482 INFO  [26] [VM.GlobalScript.Support.GlobalManager::HandleCmd@0] Receive end:CloseScript

2024-08-23 16:14:16.767 INFO  [26] [VM.GlobalScript.Support.GlobalManager::HandleCmd@0] Receive:LoadSolution

2024-08-23 16:14:16.835 INFO  [26] [VM.GlobalScript.Support.GlobalManager::HandleCmd@0] Receive end:LoadSolution

2024-08-23 16:14:16.837 INFO  [3] [VM.GlobalScript.Support.UserGlobalScriptManger::compileGlobalScript@0] Compile begin

2024-08-23 16:14:16.844 INFO  [3] [VM.GlobalScript.Support.UserGlobalScriptSupport::CompileCode@0] 2024-08-23 16:14:16:844 : Compile complete -- 0 Errors, 0 Warnings 


2024-08-23 16:14:16.846 INFO  [26] [VM.GlobalScript.Support.GlobalManager::HandleCmd@0] Receive:LoadSolutionEnd

2024-08-23 16:14:16.846 INFO  [3] [VM.GlobalScript.Support.UserGlobalScriptManger::updateBackFile@0] Update BackFile end

2024-08-23 16:14:16.847 INFO  [3] [VM.GlobalScript.Support.UserGlobalScriptManger::compileGlobalScript@0] Compile end

2024-08-23 16:14:16.847 INFO  [6] [VM.GlobalScript.Support.UserGlobalScriptManger::loadInitAction@0] ExecuteLoadInit start

2024-08-23 16:14:16.847 INFO  [26] [VM.GlobalScript.Support.GlobalManager::HandleCmd@0] Receive end:LoadSolutionEnd

2024-08-23 16:14:20.766 INFO  [1] [VM.GlobalScript.Support.GlobalManager::HandleCmd@0] Receive:ExcuteOnce

2024-08-23 16:14:20.768 INFO  [1] [VM.GlobalScript.Support.GlobalManager::HandleCmd@0] Receive end:ExcuteOnce

2024-08-23 16:14:20.769 INFO  [3] [VM.GlobalScript.Support.UserGlobalScriptManger::initSourceAndStartScript@0] InitSourceEndStartScript already init

2024-08-23 16:14:20.777 INFO  [3] [VM.GlobalScript.Support.UserGlobalScriptManger::<StartOnce>b__60_0@0] GlobalScript execute once

2024-08-23 16:15:17.781 INFO  [1] [VMGlobalScript.GlobalScript::Init@0]  ====================================================V4.3.0 GlobalScript Start Print Log====================================================

2024-08-23 16:15:22.863 INFO  [3] [VM.GlobalScript.Support.GlobalManager::objLoadDefaultScriptTime_Elapsed@0] Load default globalScript begin

2024-08-23 16:15:22.876 INFO  [3] [VM.GlobalScript.Support.UserGlobalScriptManger::compileGlobalScript@0] Compile begin

2024-08-23 16:15:23.155 INFO  [3] [VM.GlobalScript.Support.UserGlobalScriptSupport::CompileCode@0] 2024-08-23 16:15:23:155 : Compile complete -- 0 Errors, 0 Warnings 


2024-08-23 16:15:23.345 INFO  [3] [VM.GlobalScript.Support.UserGlobalScriptManger::updateBackFile@0] Update BackFile end

2024-08-23 16:15:23.346 INFO  [3] [VM.GlobalScript.Support.UserGlobalScriptManger::compileGlobalScript@0] Compile end

2024-08-23 16:15:23.346 INFO  [3] [VM.GlobalScript.Support.GlobalManager::objLoadDefaultScriptTime_Elapsed@0] Load default globalScript end

2024-08-23 16:15:27.263 INFO  [26] [VM.GlobalScript.Support.GlobalManager::HandleCmd@0] Receive:CloseScript

2024-08-23 16:15:27.270 INFO  [26] [VM.GlobalScript.Support.GlobalManager::HandleCmd@0] Receive end:CloseScript

2024-08-23 16:15:27.311 INFO  [26] [VM.GlobalScript.Support.GlobalManager::HandleCmd@0] Receive:LoadSolution

2024-08-23 16:15:27.402 INFO  [26] [VM.GlobalScript.Support.GlobalManager::HandleCmd@0] Receive end:LoadSolution

2024-08-23 16:15:27.407 INFO  [3] [VM.GlobalScript.Support.UserGlobalScriptManger::compileGlobalScript@0] Compile begin

2024-08-23 16:15:27.411 INFO  [3] [VM.GlobalScript.Support.UserGlobalScriptSupport::CompileCode@0] 2024-08-23 16:15:27:411 : Compile complete -- 0 Errors, 0 Warnings 


2024-08-23 16:15:27.411 INFO  [26] [VM.GlobalScript.Support.GlobalManager::HandleCmd@0] Receive:LoadSolutionEnd

2024-08-23 16:15:27.432 INFO  [3] [VM.GlobalScript.Support.UserGlobalScriptManger::updateBackFile@0] Update BackFile end

2024-08-23 16:15:27.433 INFO  [3] [VM.GlobalScript.Support.UserGlobalScriptManger::compileGlobalScript@0] Compile end

2024-08-23 16:15:27.433 INFO  [26] [VM.GlobalScript.Support.GlobalManager::HandleCmd@0] Receive end:LoadSolutionEnd

2024-08-23 16:15:27.434 INFO  [6] [VM.GlobalScript.Support.UserGlobalScriptManger::loadInitAction@0] ExecuteLoadInit start

2024-08-23 16:15:30.225 INFO  [1] [VM.GlobalScript.Support.GlobalManager::HandleCmd@0] Receive:ExcuteOnce

2024-08-23 16:15:30.227 INFO  [1] [VM.GlobalScript.Support.GlobalManager::HandleCmd@0] Receive end:ExcuteOnce

2024-08-23 16:15:30.228 INFO  [3] [VM.GlobalScript.Support.UserGlobalScriptManger::initSourceAndStartScript@0] InitSourceEndStartScript already init

2024-08-23 16:15:30.235 INFO  [3] [VM.GlobalScript.Support.UserGlobalScriptManger::<StartOnce>b__60_0@0] GlobalScript execute once

2024-08-23 16:23:27.020 INFO  [1] [VM.GlobalScript.Support.UserGlobalScriptManger::CloseScript@0] Global script cancel UinitSDK end

2024-08-23 16:23:40.195 INFO  [1] [VMGlobalScript.GlobalScript::Init@0]  ====================================================V4.3.0 GlobalScript Start Print Log====================================================

2024-08-23 16:23:45.295 INFO  [3] [VM.GlobalScript.Support.GlobalManager::objLoadDefaultScriptTime_Elapsed@0] Load default globalScript begin

2024-08-23 16:23:45.306 INFO  [3] [VM.GlobalScript.Support.UserGlobalScriptManger::compileGlobalScript@0] Compile begin

2024-08-23 16:23:45.587 INFO  [3] [VM.GlobalScript.Support.UserGlobalScriptSupport::CompileCode@0] 2024-08-23 16:23:45:587 : Compile complete -- 0 Errors, 0 Warnings 


2024-08-23 16:23:45.759 INFO  [3] [VM.GlobalScript.Support.UserGlobalScriptManger::updateBackFile@0] Update BackFile end

2024-08-23 16:23:45.759 INFO  [3] [VM.GlobalScript.Support.UserGlobalScriptManger::compileGlobalScript@0] Compile end

2024-08-23 16:23:45.760 INFO  [3] [VM.GlobalScript.Support.GlobalManager::objLoadDefaultScriptTime_Elapsed@0] Load default globalScript end

2024-08-23 16:24:02.720 INFO  [21] [VM.GlobalScript.Support.GlobalManager::HandleCmd@0] Receive:CloseScript

2024-08-23 16:24:02.727 INFO  [21] [VM.GlobalScript.Support.GlobalManager::HandleCmd@0] Receive end:CloseScript

2024-08-23 16:24:02.764 INFO  [21] [VM.GlobalScript.Support.GlobalManager::HandleCmd@0] Receive:LoadSolution

2024-08-23 16:24:02.839 INFO  [21] [VM.GlobalScript.Support.GlobalManager::HandleCmd@0] Receive end:LoadSolution

2024-08-23 16:24:02.846 INFO  [3] [VM.GlobalScript.Support.UserGlobalScriptManger::compileGlobalScript@0] Compile begin

2024-08-23 16:24:02.849 INFO  [3] [VM.GlobalScript.Support.UserGlobalScriptSupport::CompileCode@0] 2024-08-23 16:24:02:849 : Compile complete -- 0 Errors, 0 Warnings 


2024-08-23 16:24:02.850 INFO  [21] [VM.GlobalScript.Support.GlobalManager::HandleCmd@0] Receive:LoadSolutionEnd

2024-08-23 16:24:02.875 INFO  [3] [VM.GlobalScript.Support.UserGlobalScriptManger::updateBackFile@0] Update BackFile end

2024-08-23 16:24:02.876 INFO  [3] [VM.GlobalScript.Support.UserGlobalScriptManger::compileGlobalScript@0] Compile end

2024-08-23 16:24:02.876 INFO  [14] [VM.GlobalScript.Support.UserGlobalScriptManger::loadInitAction@0] ExecuteLoadInit start

2024-08-23 16:24:02.876 INFO  [21] [VM.GlobalScript.Support.GlobalManager::HandleCmd@0] Receive end:LoadSolutionEnd

2024-08-23 16:30:31.032 INFO  [1] [VMGlobalScript.GlobalScript::Init@0]  ====================================================V4.3.0 GlobalScript Start Print Log====================================================

2024-08-23 16:30:36.065 INFO  [5] [VM.GlobalScript.Support.GlobalManager::objLoadDefaultScriptTime_Elapsed@0] Load default globalScript begin

2024-08-23 16:30:36.076 INFO  [5] [VM.GlobalScript.Support.UserGlobalScriptManger::compileGlobalScript@0] Compile begin

2024-08-23 16:30:36.348 INFO  [5] [VM.GlobalScript.Support.UserGlobalScriptSupport::CompileCode@0] 2024-08-23 16:30:36:348 : Compile complete -- 0 Errors, 0 Warnings 


2024-08-23 16:30:36.480 INFO  [5] [VM.GlobalScript.Support.UserGlobalScriptManger::updateBackFile@0] Update BackFile end

2024-08-23 16:30:36.480 INFO  [5] [VM.GlobalScript.Support.UserGlobalScriptManger::compileGlobalScript@0] Compile end

2024-08-23 16:30:36.480 INFO  [5] [VM.GlobalScript.Support.GlobalManager::objLoadDefaultScriptTime_Elapsed@0] Load default globalScript end

2024-08-23 16:30:39.994 INFO  [21] [VM.GlobalScript.Support.GlobalManager::HandleCmd@0] Receive:CloseScript

2024-08-23 16:30:40.013 INFO  [21] [VM.GlobalScript.Support.GlobalManager::HandleCmd@0] Receive end:CloseScript

2024-08-23 16:30:40.052 INFO  [21] [VM.GlobalScript.Support.GlobalManager::HandleCmd@0] Receive:LoadSolution

2024-08-23 16:30:40.109 INFO  [21] [VM.GlobalScript.Support.GlobalManager::HandleCmd@0] Receive end:LoadSolution

2024-08-23 16:30:40.112 INFO  [5] [VM.GlobalScript.Support.UserGlobalScriptManger::compileGlobalScript@0] Compile begin

2024-08-23 16:30:40.115 INFO  [5] [VM.GlobalScript.Support.UserGlobalScriptSupport::CompileCode@0] 2024-08-23 16:30:40:115 : Compile complete -- 0 Errors, 0 Warnings 


2024-08-23 16:30:40.115 INFO  [21] [VM.GlobalScript.Support.GlobalManager::HandleCmd@0] Receive:LoadSolutionEnd

2024-08-23 16:30:40.116 INFO  [5] [VM.GlobalScript.Support.UserGlobalScriptManger::updateBackFile@0] Update BackFile end

2024-08-23 16:30:40.116 INFO  [5] [VM.GlobalScript.Support.UserGlobalScriptManger::compileGlobalScript@0] Compile end

2024-08-23 16:30:40.117 INFO  [6] [VM.GlobalScript.Support.UserGlobalScriptManger::loadInitAction@0] ExecuteLoadInit start

2024-08-23 16:30:40.116 INFO  [21] [VM.GlobalScript.Support.GlobalManager::HandleCmd@0] Receive end:LoadSolutionEnd

2024-08-23 16:31:22.617 INFO  [1] [VM.GlobalScript.Support.UserGlobalScriptManger::CloseScript@0] Global script cancel UinitSDK end

2024-08-23 16:37:28.212 INFO  [1] [VMGlobalScript.GlobalScript::Init@0]  ====================================================V4.3.0 GlobalScript Start Print Log====================================================

2024-08-23 16:37:33.292 INFO  [3] [VM.GlobalScript.Support.GlobalManager::objLoadDefaultScriptTime_Elapsed@0] Load default globalScript begin

2024-08-23 16:37:33.306 INFO  [3] [VM.GlobalScript.Support.UserGlobalScriptManger::compileGlobalScript@0] Compile begin

2024-08-23 16:37:33.585 INFO  [3] [VM.GlobalScript.Support.UserGlobalScriptSupport::CompileCode@0] 2024-08-23 16:37:33:585 : Compile complete -- 0 Errors, 0 Warnings 


2024-08-23 16:37:33.744 INFO  [3] [VM.GlobalScript.Support.UserGlobalScriptManger::updateBackFile@0] Update BackFile end

2024-08-23 16:37:33.744 INFO  [3] [VM.GlobalScript.Support.UserGlobalScriptManger::compileGlobalScript@0] Compile end

2024-08-23 16:37:33.745 INFO  [3] [VM.GlobalScript.Support.GlobalManager::objLoadDefaultScriptTime_Elapsed@0] Load default globalScript end

2024-08-23 16:37:38.248 INFO  [24] [VM.GlobalScript.Support.GlobalManager::HandleCmd@0] Receive:CloseScript

2024-08-23 16:37:38.256 INFO  [24] [VM.GlobalScript.Support.GlobalManager::HandleCmd@0] Receive end:CloseScript

2024-08-23 16:37:38.306 INFO  [24] [VM.GlobalScript.Support.GlobalManager::HandleCmd@0] Receive:LoadSolution

2024-08-23 16:37:38.392 INFO  [24] [VM.GlobalScript.Support.GlobalManager::HandleCmd@0] Receive end:LoadSolution

2024-08-23 16:37:38.395 INFO  [3] [VM.GlobalScript.Support.UserGlobalScriptManger::compileGlobalScript@0] Compile begin

2024-08-23 16:37:38.402 INFO  [24] [VM.GlobalScript.Support.GlobalManager::HandleCmd@0] Receive:LoadSolutionEnd

2024-08-23 16:37:38.402 INFO  [3] [VM.GlobalScript.Support.UserGlobalScriptSupport::CompileCode@0] 2024-08-23 16:37:38:402 : Compile complete -- 0 Errors, 0 Warnings 


2024-08-23 16:37:38.424 INFO  [24] [VM.GlobalScript.Support.GlobalManager::HandleCmd@0] Receive end:LoadSolutionEnd

2024-08-23 16:37:38.425 INFO  [3] [VM.GlobalScript.Support.UserGlobalScriptManger::updateBackFile@0] Update BackFile end

2024-08-23 16:37:38.426 INFO  [3] [VM.GlobalScript.Support.UserGlobalScriptManger::compileGlobalScript@0] Compile end

2024-08-23 16:37:38.426 INFO  [6] [VM.GlobalScript.Support.UserGlobalScriptManger::loadInitAction@0] ExecuteLoadInit start

2024-08-23 16:37:41.668 INFO  [1] [VM.GlobalScript.Support.GlobalManager::HandleCmd@0] Receive:ExcuteOnce

2024-08-23 16:37:41.670 INFO  [1] [VM.GlobalScript.Support.GlobalManager::HandleCmd@0] Receive end:ExcuteOnce

2024-08-23 16:37:41.671 INFO  [3] [VM.GlobalScript.Support.UserGlobalScriptManger::initSourceAndStartScript@0] InitSourceEndStartScript already init

2024-08-23 16:37:41.679 INFO  [3] [VM.GlobalScript.Support.UserGlobalScriptManger::<StartOnce>b__60_0@0] GlobalScript execute once

2024-08-23 16:50:29.870 INFO  [1] [VMGlobalScript.GlobalScript::Init@0]  ====================================================V4.3.0 GlobalScript Start Print Log====================================================

2024-08-23 16:50:34.934 INFO  [3] [VM.GlobalScript.Support.GlobalManager::objLoadDefaultScriptTime_Elapsed@0] Load default globalScript begin

2024-08-23 16:50:34.944 INFO  [3] [VM.GlobalScript.Support.UserGlobalScriptManger::compileGlobalScript@0] Compile begin

2024-08-23 16:50:35.222 INFO  [3] [VM.GlobalScript.Support.UserGlobalScriptSupport::CompileCode@0] 2024-08-23 16:50:35:222 : Compile complete -- 0 Errors, 0 Warnings 


2024-08-23 16:50:35.397 INFO  [3] [VM.GlobalScript.Support.UserGlobalScriptManger::updateBackFile@0] Update BackFile end

2024-08-23 16:50:35.398 INFO  [3] [VM.GlobalScript.Support.UserGlobalScriptManger::compileGlobalScript@0] Compile end

2024-08-23 16:50:35.398 INFO  [3] [VM.GlobalScript.Support.GlobalManager::objLoadDefaultScriptTime_Elapsed@0] Load default globalScript end

2024-08-23 16:50:46.174 INFO  [27] [VM.GlobalScript.Support.GlobalManager::HandleCmd@0] Receive:CloseScript

2024-08-23 16:50:46.181 INFO  [27] [VM.GlobalScript.Support.GlobalManager::HandleCmd@0] Receive end:CloseScript

2024-08-23 16:50:46.217 INFO  [27] [VM.GlobalScript.Support.GlobalManager::HandleCmd@0] Receive:LoadSolution

2024-08-23 16:50:46.302 INFO  [27] [VM.GlobalScript.Support.GlobalManager::HandleCmd@0] Receive end:LoadSolution

2024-08-23 16:50:46.305 INFO  [3] [VM.GlobalScript.Support.UserGlobalScriptManger::compileGlobalScript@0] Compile begin

2024-08-23 16:50:46.311 INFO  [3] [VM.GlobalScript.Support.UserGlobalScriptSupport::CompileCode@0] 2024-08-23 16:50:46:311 : Compile complete -- 0 Errors, 0 Warnings 


2024-08-23 16:50:46.313 INFO  [27] [VM.GlobalScript.Support.GlobalManager::HandleCmd@0] Receive:LoadSolutionEnd

2024-08-23 16:50:46.314 INFO  [3] [VM.GlobalScript.Support.UserGlobalScriptManger::updateBackFile@0] Update BackFile end

2024-08-23 16:50:46.314 INFO  [3] [VM.GlobalScript.Support.UserGlobalScriptManger::compileGlobalScript@0] Compile end

2024-08-23 16:50:46.314 INFO  [27] [VM.GlobalScript.Support.GlobalManager::HandleCmd@0] Receive end:LoadSolutionEnd

2024-08-23 16:50:46.315 INFO  [3] [VM.GlobalScript.Support.UserGlobalScriptManger::loadInitAction@0] ExecuteLoadInit start

2024-08-23 16:50:48.946 INFO  [1] [VM.GlobalScript.Support.GlobalManager::HandleCmd@0] Receive:ExcuteOnce

2024-08-23 16:50:48.947 INFO  [1] [VM.GlobalScript.Support.GlobalManager::HandleCmd@0] Receive end:ExcuteOnce

2024-08-23 16:50:48.948 INFO  [3] [VM.GlobalScript.Support.UserGlobalScriptManger::initSourceAndStartScript@0] InitSourceEndStartScript already init

2024-08-23 16:50:48.956 INFO  [3] [VM.GlobalScript.Support.UserGlobalScriptManger::<StartOnce>b__60_0@0] GlobalScript execute once

2024-08-23 16:51:00.291 INFO  [1] [VM.GlobalScript.Support.GlobalManager::HandleCmd@0] Receive:ExcuteOnce

2024-08-23 16:51:00.292 INFO  [1] [VM.GlobalScript.Support.GlobalManager::HandleCmd@0] Receive end:ExcuteOnce

2024-08-23 16:51:00.292 INFO  [16] [VM.GlobalScript.Support.UserGlobalScriptManger::initSourceAndStartScript@0] InitSourceEndStartScript already init

2024-08-23 16:51:00.295 INFO  [16] [VM.GlobalScript.Support.UserGlobalScriptManger::<StartOnce>b__60_0@0] GlobalScript execute once

2024-08-23 16:57:22.953 INFO  [1] [VMGlobalScript.GlobalScript::Init@0]  ====================================================V4.3.0 GlobalScript Start Print Log====================================================

2024-08-23 16:57:28.031 INFO  [3] [VM.GlobalScript.Support.GlobalManager::objLoadDefaultScriptTime_Elapsed@0] Load default globalScript begin

2024-08-23 16:57:28.043 INFO  [3] [VM.GlobalScript.Support.UserGlobalScriptManger::compileGlobalScript@0] Compile begin

2024-08-23 16:57:28.368 INFO  [3] [VM.GlobalScript.Support.UserGlobalScriptSupport::CompileCode@0] 2024-08-23 16:57:28:368 : Compile complete -- 0 Errors, 0 Warnings 


2024-08-23 16:57:28.598 INFO  [3] [VM.GlobalScript.Support.UserGlobalScriptManger::updateBackFile@0] Update BackFile end

2024-08-23 16:57:28.598 INFO  [3] [VM.GlobalScript.Support.UserGlobalScriptManger::compileGlobalScript@0] Compile end

2024-08-23 16:57:28.599 INFO  [3] [VM.GlobalScript.Support.GlobalManager::objLoadDefaultScriptTime_Elapsed@0] Load default globalScript end

2024-08-23 16:57:32.295 INFO  [24] [VM.GlobalScript.Support.GlobalManager::HandleCmd@0] Receive:CloseScript

2024-08-23 16:57:32.303 INFO  [24] [VM.GlobalScript.Support.GlobalManager::HandleCmd@0] Receive end:CloseScript

2024-08-23 16:57:32.353 INFO  [24] [VM.GlobalScript.Support.GlobalManager::HandleCmd@0] Receive:LoadSolution

2024-08-23 16:57:32.427 INFO  [24] [VM.GlobalScript.Support.GlobalManager::HandleCmd@0] Receive end:LoadSolution

2024-08-23 16:57:32.430 INFO  [4] [VM.GlobalScript.Support.UserGlobalScriptManger::compileGlobalScript@0] Compile begin

2024-08-23 16:57:32.434 INFO  [4] [VM.GlobalScript.Support.UserGlobalScriptSupport::CompileCode@0] 2024-08-23 16:57:32:434 : Compile complete -- 0 Errors, 0 Warnings 


2024-08-23 16:57:32.435 INFO  [24] [VM.GlobalScript.Support.GlobalManager::HandleCmd@0] Receive:LoadSolutionEnd

2024-08-23 16:57:32.457 INFO  [4] [VM.GlobalScript.Support.UserGlobalScriptManger::updateBackFile@0] Update BackFile end

2024-08-23 16:57:32.458 INFO  [4] [VM.GlobalScript.Support.UserGlobalScriptManger::compileGlobalScript@0] Compile end

2024-08-23 16:57:32.458 INFO  [3] [VM.GlobalScript.Support.UserGlobalScriptManger::loadInitAction@0] ExecuteLoadInit start

2024-08-23 16:57:32.457 INFO  [24] [VM.GlobalScript.Support.GlobalManager::HandleCmd@0] Receive end:LoadSolutionEnd

2024-08-23 16:57:38.129 INFO  [1] [VM.GlobalScript.Support.GlobalManager::HandleCmd@0] Receive:ExcuteOnce

2024-08-23 16:57:38.131 INFO  [1] [VM.GlobalScript.Support.GlobalManager::HandleCmd@0] Receive end:ExcuteOnce

2024-08-23 16:57:38.132 INFO  [3] [VM.GlobalScript.Support.UserGlobalScriptManger::initSourceAndStartScript@0] InitSourceEndStartScript already init

2024-08-23 16:57:38.140 INFO  [3] [VM.GlobalScript.Support.UserGlobalScriptManger::<StartOnce>b__60_0@0] GlobalScript execute once

2024-08-23 17:10:03.862 INFO  [1] [VM.GlobalScript.Support.GlobalManager::HandleCmd@0] Receive:ExcuteOnce

2024-08-23 17:10:03.863 INFO  [1] [VM.GlobalScript.Support.GlobalManager::HandleCmd@0] Receive end:ExcuteOnce

2024-08-23 17:10:03.863 INFO  [26] [VM.GlobalScript.Support.UserGlobalScriptManger::initSourceAndStartScript@0] InitSourceEndStartScript already init

2024-08-23 17:10:03.893 INFO  [26] [VM.GlobalScript.Support.UserGlobalScriptManger::<StartOnce>b__60_0@0] GlobalScript execute once

2024-08-23 17:10:41.883 INFO  [1] [VMGlobalScript.GlobalScript::Init@0]  ====================================================V4.3.0 GlobalScript Start Print Log====================================================

2024-08-23 17:10:46.969 INFO  [3] [VM.GlobalScript.Support.GlobalManager::objLoadDefaultScriptTime_Elapsed@0] Load default globalScript begin

2024-08-23 17:10:46.983 INFO  [3] [VM.GlobalScript.Support.UserGlobalScriptManger::compileGlobalScript@0] Compile begin

2024-08-23 17:10:47.297 INFO  [3] [VM.GlobalScript.Support.UserGlobalScriptSupport::CompileCode@0] 2024-08-23 17:10:47:297 : Compile complete -- 0 Errors, 0 Warnings 


2024-08-23 17:10:47.453 INFO  [3] [VM.GlobalScript.Support.UserGlobalScriptManger::updateBackFile@0] Update BackFile end

2024-08-23 17:10:47.453 INFO  [3] [VM.GlobalScript.Support.UserGlobalScriptManger::compileGlobalScript@0] Compile end

2024-08-23 17:10:47.453 INFO  [3] [VM.GlobalScript.Support.GlobalManager::objLoadDefaultScriptTime_Elapsed@0] Load default globalScript end

2024-08-23 17:10:59.807 INFO  [25] [VM.GlobalScript.Support.GlobalManager::HandleCmd@0] Receive:CloseScript

2024-08-23 17:10:59.814 INFO  [25] [VM.GlobalScript.Support.GlobalManager::HandleCmd@0] Receive end:CloseScript

2024-08-23 17:10:59.852 INFO  [25] [VM.GlobalScript.Support.GlobalManager::HandleCmd@0] Receive:LoadSolution

2024-08-23 17:10:59.952 INFO  [25] [VM.GlobalScript.Support.GlobalManager::HandleCmd@0] Receive end:LoadSolution

2024-08-23 17:10:59.955 INFO  [3] [VM.GlobalScript.Support.UserGlobalScriptManger::compileGlobalScript@0] Compile begin

2024-08-23 17:10:59.958 INFO  [3] [VM.GlobalScript.Support.UserGlobalScriptSupport::CompileCode@0] 2024-08-23 17:10:59:958 : Compile complete -- 0 Errors, 0 Warnings 


2024-08-23 17:10:59.959 INFO  [25] [VM.GlobalScript.Support.GlobalManager::HandleCmd@0] Receive:LoadSolutionEnd

2024-08-23 17:10:59.981 INFO  [25] [VM.GlobalScript.Support.GlobalManager::HandleCmd@0] Receive end:LoadSolutionEnd

2024-08-23 17:10:59.981 INFO  [3] [VM.GlobalScript.Support.UserGlobalScriptManger::updateBackFile@0] Update BackFile end

2024-08-23 17:10:59.982 INFO  [3] [VM.GlobalScript.Support.UserGlobalScriptManger::compileGlobalScript@0] Compile end

2024-08-23 17:10:59.983 INFO  [4] [VM.GlobalScript.Support.UserGlobalScriptManger::loadInitAction@0] ExecuteLoadInit start

2024-08-23 17:11:06.068 INFO  [1] [VM.GlobalScript.Support.GlobalManager::HandleCmd@0] Receive:ExcuteOnce

2024-08-23 17:11:06.070 INFO  [1] [VM.GlobalScript.Support.GlobalManager::HandleCmd@0] Receive end:ExcuteOnce

2024-08-23 17:11:06.071 INFO  [3] [VM.GlobalScript.Support.UserGlobalScriptManger::initSourceAndStartScript@0] InitSourceEndStartScript already init

2024-08-23 17:11:06.078 INFO  [3] [VM.GlobalScript.Support.UserGlobalScriptManger::<StartOnce>b__60_0@0] GlobalScript execute once

2024-08-23 17:11:58.196 INFO  [1] [VMGlobalScript.GlobalScript::Init@0]  ====================================================V4.3.0 GlobalScript Start Print Log====================================================

2024-08-23 17:12:03.262 INFO  [3] [VM.GlobalScript.Support.GlobalManager::objLoadDefaultScriptTime_Elapsed@0] Load default globalScript begin

2024-08-23 17:12:03.275 INFO  [3] [VM.GlobalScript.Support.UserGlobalScriptManger::compileGlobalScript@0] Compile begin

2024-08-23 17:12:03.538 INFO  [3] [VM.GlobalScript.Support.UserGlobalScriptSupport::CompileCode@0] 2024-08-23 17:12:03:538 : Compile complete -- 0 Errors, 0 Warnings 


2024-08-23 17:12:03.758 INFO  [3] [VM.GlobalScript.Support.UserGlobalScriptManger::updateBackFile@0] Update BackFile end

2024-08-23 17:12:03.758 INFO  [3] [VM.GlobalScript.Support.UserGlobalScriptManger::compileGlobalScript@0] Compile end

2024-08-23 17:12:03.759 INFO  [3] [VM.GlobalScript.Support.GlobalManager::objLoadDefaultScriptTime_Elapsed@0] Load default globalScript end

2024-08-23 17:12:08.035 INFO  [26] [VM.GlobalScript.Support.GlobalManager::HandleCmd@0] Receive:CloseScript

2024-08-23 17:12:08.043 INFO  [26] [VM.GlobalScript.Support.GlobalManager::HandleCmd@0] Receive end:CloseScript

2024-08-23 17:12:08.078 INFO  [26] [VM.GlobalScript.Support.GlobalManager::HandleCmd@0] Receive:LoadSolution

2024-08-23 17:12:08.152 INFO  [26] [VM.GlobalScript.Support.GlobalManager::HandleCmd@0] Receive end:LoadSolution

2024-08-23 17:12:08.158 INFO  [3] [VM.GlobalScript.Support.UserGlobalScriptManger::compileGlobalScript@0] Compile begin

2024-08-23 17:12:08.161 INFO  [3] [VM.GlobalScript.Support.UserGlobalScriptSupport::CompileCode@0] 2024-08-23 17:12:08:161 : Compile complete -- 0 Errors, 0 Warnings 


2024-08-23 17:12:08.163 INFO  [26] [VM.GlobalScript.Support.GlobalManager::HandleCmd@0] Receive:LoadSolutionEnd

2024-08-23 17:12:08.164 INFO  [3] [VM.GlobalScript.Support.UserGlobalScriptManger::updateBackFile@0] Update BackFile end

2024-08-23 17:12:08.164 INFO  [3] [VM.GlobalScript.Support.UserGlobalScriptManger::compileGlobalScript@0] Compile end

2024-08-23 17:12:08.164 INFO  [26] [VM.GlobalScript.Support.GlobalManager::HandleCmd@0] Receive end:LoadSolutionEnd

2024-08-23 17:12:08.164 INFO  [4] [VM.GlobalScript.Support.UserGlobalScriptManger::loadInitAction@0] ExecuteLoadInit start

2024-08-23 17:12:14.707 INFO  [1] [VM.GlobalScript.Support.GlobalManager::HandleCmd@0] Receive:ExcuteOnce

2024-08-23 17:12:14.709 INFO  [1] [VM.GlobalScript.Support.GlobalManager::HandleCmd@0] Receive end:ExcuteOnce

2024-08-23 17:12:14.710 INFO  [3] [VM.GlobalScript.Support.UserGlobalScriptManger::initSourceAndStartScript@0] InitSourceEndStartScript already init

2024-08-23 17:12:14.718 INFO  [3] [VM.GlobalScript.Support.UserGlobalScriptManger::<StartOnce>b__60_0@0] GlobalScript execute once

2024-08-23 17:14:03.548 INFO  [1] [VM.GlobalScript.Support.UserGlobalScriptManger::CloseScript@0] Global script cancel UinitSDK end

2024-08-23 17:17:44.091 INFO  [1] [VMGlobalScript.GlobalScript::Init@0]  ====================================================V4.3.0 GlobalScript Start Print Log====================================================

2024-08-23 17:17:49.290 INFO  [3] [VM.GlobalScript.Support.GlobalManager::objLoadDefaultScriptTime_Elapsed@0] Load default globalScript begin

2024-08-23 17:17:49.302 INFO  [3] [VM.GlobalScript.Support.UserGlobalScriptManger::compileGlobalScript@0] Compile begin

2024-08-23 17:17:49.737 INFO  [3] [VM.GlobalScript.Support.UserGlobalScriptSupport::CompileCode@0] 2024-08-23 17:17:49:737 : Compile complete -- 0 Errors, 0 Warnings 


2024-08-23 17:17:49.987 INFO  [3] [VM.GlobalScript.Support.UserGlobalScriptManger::updateBackFile@0] Update BackFile end

2024-08-23 17:17:49.988 INFO  [3] [VM.GlobalScript.Support.UserGlobalScriptManger::compileGlobalScript@0] Compile end

2024-08-23 17:17:49.989 INFO  [3] [VM.GlobalScript.Support.GlobalManager::objLoadDefaultScriptTime_Elapsed@0] Load default globalScript end

2024-08-23 17:17:53.351 INFO  [25] [VM.GlobalScript.Support.GlobalManager::HandleCmd@0] Receive:CloseScript

2024-08-23 17:17:53.358 INFO  [25] [VM.GlobalScript.Support.GlobalManager::HandleCmd@0] Receive end:CloseScript

2024-08-23 17:17:53.418 INFO  [25] [VM.GlobalScript.Support.GlobalManager::HandleCmd@0] Receive:LoadSolution

2024-08-23 17:17:53.498 INFO  [25] [VM.GlobalScript.Support.GlobalManager::HandleCmd@0] Receive end:LoadSolution

2024-08-23 17:17:53.506 INFO  [25] [VM.GlobalScript.Support.GlobalManager::HandleCmd@0] Receive:LoadSolutionEnd

2024-08-23 17:17:53.507 INFO  [25] [VM.GlobalScript.Support.GlobalManager::HandleCmd@0] Receive end:LoadSolutionEnd

2024-08-23 17:17:53.516 INFO  [3] [VM.GlobalScript.Support.UserGlobalScriptManger::compileGlobalScript@0] Compile begin

2024-08-23 17:17:53.519 INFO  [3] [VM.GlobalScript.Support.UserGlobalScriptSupport::CompileCode@0] 2024-08-23 17:17:53:519 : Compile complete -- 0 Errors, 0 Warnings 


2024-08-23 17:17:53.521 INFO  [3] [VM.GlobalScript.Support.UserGlobalScriptManger::updateBackFile@0] Update BackFile end

2024-08-23 17:17:53.522 INFO  [3] [VM.GlobalScript.Support.UserGlobalScriptManger::compileGlobalScript@0] Compile end

2024-08-23 17:17:53.522 INFO  [6] [VM.GlobalScript.Support.UserGlobalScriptManger::loadInitAction@0] ExecuteLoadInit start

2024-08-23 17:17:56.515 INFO  [1] [VM.GlobalScript.Support.GlobalManager::HandleCmd@0] Receive:ExcuteOnce

2024-08-23 17:17:56.516 INFO  [1] [VM.GlobalScript.Support.GlobalManager::HandleCmd@0] Receive end:ExcuteOnce

2024-08-23 17:17:56.517 INFO  [3] [VM.GlobalScript.Support.UserGlobalScriptManger::initSourceAndStartScript@0] InitSourceEndStartScript already init

2024-08-23 17:17:56.525 INFO  [3] [VM.GlobalScript.Support.UserGlobalScriptManger::<StartOnce>b__60_0@0] GlobalScript execute once

2024-08-23 17:18:41.482 INFO  [1] [VM.GlobalScript.Support.UserGlobalScriptManger::CloseScript@0] Global script cancel UinitSDK end

2024-08-23 17:25:11.025 INFO  [1] [VMGlobalScript.GlobalScript::Init@0]  ====================================================V4.3.0 GlobalScript Start Print Log====================================================

2024-08-23 17:25:16.092 INFO  [3] [VM.GlobalScript.Support.GlobalManager::objLoadDefaultScriptTime_Elapsed@0] Load default globalScript begin

2024-08-23 17:25:16.105 INFO  [3] [VM.GlobalScript.Support.UserGlobalScriptManger::compileGlobalScript@0] Compile begin

2024-08-23 17:25:16.384 INFO  [3] [VM.GlobalScript.Support.UserGlobalScriptSupport::CompileCode@0] 2024-08-23 17:25:16:384 : Compile complete -- 0 Errors, 0 Warnings 


2024-08-23 17:25:16.558 INFO  [3] [VM.GlobalScript.Support.UserGlobalScriptManger::updateBackFile@0] Update BackFile end

2024-08-23 17:25:16.558 INFO  [3] [VM.GlobalScript.Support.UserGlobalScriptManger::compileGlobalScript@0] Compile end

2024-08-23 17:25:16.559 INFO  [3] [VM.GlobalScript.Support.GlobalManager::objLoadDefaultScriptTime_Elapsed@0] Load default globalScript end

2024-08-23 17:25:23.251 INFO  [24] [VM.GlobalScript.Support.GlobalManager::HandleCmd@0] Receive:CloseScript

2024-08-23 17:25:23.258 INFO  [24] [VM.GlobalScript.Support.GlobalManager::HandleCmd@0] Receive end:CloseScript

2024-08-23 17:25:23.292 INFO  [24] [VM.GlobalScript.Support.GlobalManager::HandleCmd@0] Receive:LoadSolution

2024-08-23 17:25:23.417 INFO  [24] [VM.GlobalScript.Support.GlobalManager::HandleCmd@0] Receive end:LoadSolution

2024-08-23 17:25:23.420 INFO  [3] [VM.GlobalScript.Support.UserGlobalScriptManger::compileGlobalScript@0] Compile begin

2024-08-23 17:25:23.432 INFO  [3] [VM.GlobalScript.Support.UserGlobalScriptSupport::CompileCode@0] 2024-08-23 17:25:23:432 : Compile complete -- 0 Errors, 0 Warnings 


2024-08-23 17:25:23.433 INFO  [24] [VM.GlobalScript.Support.GlobalManager::HandleCmd@0] Receive:LoadSolutionEnd

2024-08-23 17:25:23.455 INFO  [3] [VM.GlobalScript.Support.UserGlobalScriptManger::updateBackFile@0] Update BackFile end

2024-08-23 17:25:23.456 INFO  [3] [VM.GlobalScript.Support.UserGlobalScriptManger::compileGlobalScript@0] Compile end

2024-08-23 17:25:23.456 INFO  [6] [VM.GlobalScript.Support.UserGlobalScriptManger::loadInitAction@0] ExecuteLoadInit start

2024-08-23 17:25:23.455 INFO  [24] [VM.GlobalScript.Support.GlobalManager::HandleCmd@0] Receive end:LoadSolutionEnd

2024-08-23 17:25:30.082 INFO  [1] [VM.GlobalScript.Support.GlobalManager::HandleCmd@0] Receive:ExcuteOnce

2024-08-23 17:25:30.084 INFO  [1] [VM.GlobalScript.Support.GlobalManager::HandleCmd@0] Receive end:ExcuteOnce

2024-08-23 17:25:30.084 INFO  [3] [VM.GlobalScript.Support.UserGlobalScriptManger::initSourceAndStartScript@0] InitSourceEndStartScript already init

2024-08-23 17:25:30.092 INFO  [3] [VM.GlobalScript.Support.UserGlobalScriptManger::<StartOnce>b__60_0@0] GlobalScript execute once

2024-08-23 17:26:02.222 INFO  [1] [VM.GlobalScript.Support.UserGlobalScriptManger::CloseScript@0] Global script cancel UinitSDK end

