2024-08-22 13:40:14.462 INFO  [19604] [CServerManager::InitLog@35965] [Init] [Begin]======================================== V4.3.0 Build Jun  3 2023 11:01:25 Start Print Log ========================================

2024-08-22 13:40:14.462 INFO  [19604] [CClientManager::Init@5333] [Init] begin.

2024-08-22 13:40:14.462 INFO  [19604] [CClientManager::Init@5355] [Init] end.nRet[0]

2024-08-22 13:40:14.464 INFO  [19604] [CServerManager::SM_SP_LoadLib@377] [Init] start

2024-08-22 13:40:14.464 INFO  [19604] [CServerManager::SM_SP_LoadLib@471] [Init] SDK: SM_SP_LoadLib Load Server Lib. Path: [C:\Program Files\VisionMaster4.3.0\Applications\PublicFile\x64\..\..\Server\PlatformManager.dll]

2024-08-22 13:40:14.469 INFO  [19604] [CServerManager::SM_SP_LoadLib@561] [Init] end

2024-08-22 13:40:14.469 INFO  [19604] [CGScriptManager::GM_SP_UnLoadLib@130] start

2024-08-22 13:40:14.469 INFO  [19604] [CGScriptManager::GM_SP_UnLoadLib@150] end

2024-08-22 13:40:14.469 INFO  [19604] [CGScriptManager::GM_SP_LoadLib@34] start

2024-08-22 13:40:14.470 INFO  [19604] [CGScriptManager::GM_SP_LoadLib@123] end

2024-08-22 13:40:14.470 INFO  [19604] [CClientManager::PF_CreateHandle@1685] [Init] begin. nHandleType:[0]

2024-08-22 13:40:14.470 INFO  [19604] [CClientManager::PF_CreateHandle@1719] [Init] SDK: Third software start server by exe.

2024-08-22 13:40:14.470 INFO  [19604] [CServerManager::SM_SP_InitGLobalScript@25157] [Init] start

2024-08-22 13:40:14.470 INFO  [19604] [CGScriptManager::GM_SP_GScriptInit@156] start

2024-08-22 13:40:14.471 INFO  [17956] [DoStartServerApp@29] Begin

2024-08-22 13:40:14.471 INFO  [17956] [CClientManager::StartAndRegisterServerApp@253] Server app path[C:\Program Files\VisionMaster4.3.0\Applications\ServerApp\vServerApp.exe]

2024-08-22 13:40:14.493 INFO  [17956] [CClientManager::StartAndRegisterServerApp@259] Need start server app

2024-08-22 13:40:14.493 INFO  [17956] [CClientManager::StartServerApp@104] [Init] Start serverApp process[C:\Program Files\VisionMaster4.3.0\Applications\ServerApp\vServerApp.exe]

2024-08-22 13:40:14.499 INFO  [17956] [CClientManager::StartServerApp@120] [Init] The serverApp pid[14064].

2024-08-22 13:40:14.499 ERROR [17956] [CClientManager::RegisterOnServerApp@68] Can't find vServerApp, errMsg[0]. i[0].

2024-08-22 13:40:14.673 INFO  [19604] [CGScriptManager::GM_SP_GScriptInit@177] end

2024-08-22 13:40:14.673 INFO  [19604] [CServerManager::SM_SP_InitGLobalScript@25175] [Init] end

2024-08-22 13:40:14.673 INFO  [19604] [CClientManager::PF_CreateHandle@1734] [Init] SDK: Init server by exe. Server proc id:[0]

2024-08-22 13:40:14.673 INFO  [19604] [CServerManager::SM_Init@912] start

2024-08-22 13:40:14.673 INFO  [19604] [CServerManager::DeInit@24189] start

2024-08-22 13:40:14.673 INFO  [19604] [CServerManager::DeInitServerLib@692] start

2024-08-22 13:40:14.673 INFO  [19604] [CServerManager::SM_SP_ServerSetMsgCallback@772] start

2024-08-22 13:40:14.673 INFO  [19604] [CServerManager::SM_SP_ServerSetMsgCallback@786] end

2024-08-22 13:40:14.673 INFO  [19604] [CServerManager::SM_SP_ServerSetModuleDataCallback@812] start

2024-08-22 13:40:14.673 INFO  [19604] [CServerManager::SM_SP_ServerSetModuleDataCallback@826] end

2024-08-22 13:40:14.673 INFO  [19604] [CServerManager::SM_SP_ServerSetRunResCallback@792] start

2024-08-22 13:40:14.674 INFO  [19604] [CServerManager::SM_SP_ServerSetRunResCallback@806] end

2024-08-22 13:40:14.674 ERROR [19604] [CServerManager::DeInitServerLib@711] SDK: DeInitServerLib SM_SP_ServerSetRunResCallback fail. nRet = [e000000a]

2024-08-22 13:40:14.674 INFO  [19604] [CServerManager::SM_SP_ServerDeInit@752] start

2024-08-22 13:40:14.674 INFO  [19604] [CServerManager::SM_SP_ServerDeInit@766] end

2024-08-22 13:40:14.674 INFO  [19604] [CServerManager::DeInitServerLib@726] end

2024-08-22 13:40:14.674 INFO  [19604] [CServerManager::StopHeartPair@26188] start

2024-08-22 13:40:14.674 INFO  [19604] [CServerManager::StopHeartPair@26196] end

2024-08-22 13:40:14.674 INFO  [19604] [CServerManager::DeInitReadSendBuffer@24280] start

2024-08-22 13:40:14.674 INFO  [19604] [CServerManager::DeInitReadSendBuffer@24290] end

2024-08-22 13:40:14.674 INFO  [19604] [CServerManager::DeInit@24243] end

2024-08-22 13:40:14.674 INFO  [19604] [CServerManager::InitReadSendBuffer@24249] [Init] start

2024-08-22 13:40:14.674 INFO  [19604] [CServerManager::DeInitReadSendBuffer@24280] start

2024-08-22 13:40:14.674 INFO  [19604] [CServerManager::DeInitReadSendBuffer@24290] end

2024-08-22 13:40:14.674 INFO  [19604] [CServerManager::InitReadSendBuffer@24274] [Init] end

2024-08-22 13:40:14.674 INFO  [19604] [CServerManager::SM_Init@946] SDK: InitReadSendBuffer success.pstPlatformBasicInfo->nRepIp[0x7f000001],nport[53936]

2024-08-22 13:40:14.674 INFO  [19604] [CServerManager::SM_Init@965] SDK: GetAdapterInfo success. Info:[127.0.0.1]

2024-08-22 13:40:14.674 INFO  [19604] [CServerManager::InitServerLib@598] start

2024-08-22 13:40:14.674 INFO  [19604] [CServerManager::SM_SP_ServerSetMsgCallback@772] start

2024-08-22 13:40:14.674 INFO  [19604] [CServerManager::SM_SP_ServerSetMsgCallback@786] end

2024-08-22 13:40:14.674 INFO  [19604] [CServerManager::InitServerLib@608] SDK: InitServerLib SM_SP_ServerSetMsgCallback success.

2024-08-22 13:40:14.674 INFO  [19604] [CServerManager::SM_SP_ServerSetModuleDataCallback@812] start

2024-08-22 13:40:14.674 INFO  [19604] [CServerManager::SM_SP_ServerSetModuleDataCallback@826] end

2024-08-22 13:40:14.674 INFO  [19604] [CServerManager::InitServerLib@616] SDK: InitServerLib SM_SP_ServerSetModuleDataCallback success.

2024-08-22 13:40:14.674 INFO  [19604] [CServerManager::SM_SP_ServerInit@732] start

2024-08-22 13:40:15.027 INFO  [17956] [CClientManager::RegisterOnServerApp@56] RegisterOnServerApp success i[1].

2024-08-22 13:40:15.403 INFO  [17956] [CClientManager::CheckCurrentServerApp@172] vServerApp path [C:\Program Files\VisionMaster4.3.0\Applications\ServerApp\vServerApp.exe]

2024-08-22 13:40:15.403 INFO  [17956] [CClientManager::CheckCurrentServerApp@201] vServerApp is found

2024-08-22 13:40:15.608 INFO  [19604] [CServerManager::SM_SP_ServerInit@746] end

2024-08-22 13:40:15.608 INFO  [19604] [CServerManager::InitServerLib@634] SDK: InitServerLib SM_SP_ServerInit success.

2024-08-22 13:40:15.608 INFO  [19604] [CServerManager::SM_SP_ServerSetRunResCallback@792] start

2024-08-22 13:40:15.608 INFO  [19604] [CServerManager::SM_SP_ServerSetRunResCallback@806] end

2024-08-22 13:40:15.608 INFO  [19604] [CServerManager::InitServerLib@642] SDK: InitServerLib SM_SP_ServerSetRunResCallback success.

2024-08-22 13:40:15.608 INFO  [19604] [CServerManager::SM_SP_ServerSetGlobalScriptCallback@832] start

2024-08-22 13:40:15.608 INFO  [19604] [CServerManager::SM_SP_ServerSetGlobalScriptCallback@846] end

2024-08-22 13:40:15.608 INFO  [19604] [CServerManager::InitServerLib@650] SDK: GM_SP_GScriptInit SM_SP_ServerSetGlobalScriptCallback success.

2024-08-22 13:40:15.608 INFO  [19604] [CServerManager::InitServerLib@652] end

2024-08-22 13:40:15.608 INFO  [19604] [CServerManager::SM_Init@1008] SDK: InitServerLib success.

2024-08-22 13:40:15.608 INFO  [19604] [CServerManager::SM_MakeServerReportDongleInfo@36532] start.

2024-08-22 13:40:15.609 INFO  [19604] [CServerManager::SM_MakeServerReportDongleInfo@36583] end

2024-08-22 13:40:15.609 INFO  [19604] [CServerManager::SM_Init@1142] end

2024-08-22 13:40:15.609 INFO  [19604] [CServerManager::SM_SetReportModuleResult_V2@14349] start

2024-08-22 13:40:15.609 INFO  [19604] [CServerManager::SM_SetReportModuleResult_V2@14389] end

2024-08-22 13:40:15.609 INFO  [19604] [CServerManager::SM_GetProcedureReentrant@22105] start.

2024-08-22 13:40:15.609 INFO  [19604] [CServerManager::SM_GetProcedureReentrant@22135] SDK: SM_GetProcedureReentrant nRecvBufLen:[229]

2024-08-22 13:40:15.609 INFO  [19604] [CServerManager::SM_GetProcedureReentrant@22181] end.

2024-08-22 13:40:15.609 INFO  [19604] [CClientManager::PF_CreateHandle@1794] [Init] [End] end.

2024-08-22 13:40:15.609 INFO  [22336] [CServerManager::HeartPairThreadProcess@26213] start

2024-08-22 13:40:15.616 INFO  [19604] [CServerManager::SM_RegisterOutputPlatformInfoCallBack@1148] start

2024-08-22 13:40:15.616 INFO  [19604] [CServerManager::SM_RegisterOutputPlatformInfoCallBack@1177] end

2024-08-22 13:40:15.712 INFO  [19604] [CServerManager::SM_GetAllProcessList@5493] start

2024-08-22 13:40:15.713 ERROR [19604] [CServerManager::SendAndRecvCommand@27540] SDK: SendAndRecvCommand SendAndRecvCommandEx failed. nRet = [e0000316]

2024-08-22 13:40:15.713 ERROR [19604] [CServerManager::SM_GetAllProcessList@5523] SDK: SendAndRecvCommand fail. nRet = [e0000316]

2024-08-22 13:40:15.713 ERROR [19604] [CServerManager::SM_GetAllProcessList@5605] catch... nRet = [e0000316]

2024-08-22 13:40:15.713 INFO  [19604] [CClientManager::PF_GetErrorMsg@770] begin.

2024-08-22 13:40:15.713 INFO  [19604] [CClientManager::PF_GetErrorMsg@1668] end.

2024-08-22 13:40:15.715 INFO  [19604] [CServerManager::SM_GetAllGlobalModule@17159] start.

2024-08-22 13:40:15.715 WARN  [19604] [CServerManager::SM_GetAllGlobalModule@17212] SDK: Module list is null.

2024-08-22 13:40:15.715 INFO  [19604] [CServerManager::SM_GetAllGlobalModule@17265] end.

2024-08-22 13:40:15.720 INFO  [17956] [CClientManager::CheckCurrentServerApp@172] vServerApp path [C:\Program Files\VisionMaster4.3.0\Applications\ServerApp\vServerApp.exe]

2024-08-22 13:40:15.720 INFO  [17956] [CClientManager::CheckCurrentServerApp@201] vServerApp is found

2024-08-22 13:40:16.044 INFO  [17956] [CClientManager::CheckCurrentServerApp@172] vServerApp path [C:\Program Files\VisionMaster4.3.0\Applications\ServerApp\vServerApp.exe]

2024-08-22 13:40:16.044 INFO  [17956] [CClientManager::CheckCurrentServerApp@201] vServerApp is found

2024-08-22 13:40:16.361 INFO  [17956] [CClientManager::CheckCurrentServerApp@172] vServerApp path [C:\Program Files\VisionMaster4.3.0\Applications\ServerApp\vServerApp.exe]

2024-08-22 13:40:16.361 INFO  [17956] [CClientManager::CheckCurrentServerApp@201] vServerApp is found

2024-08-22 13:40:16.685 INFO  [17956] [CClientManager::CheckCurrentServerApp@172] vServerApp path [C:\Program Files\VisionMaster4.3.0\Applications\ServerApp\vServerApp.exe]

2024-08-22 13:40:16.685 INFO  [17956] [CClientManager::CheckCurrentServerApp@201] vServerApp is found

2024-08-22 13:40:17.000 INFO  [17956] [CClientManager::CheckCurrentServerApp@172] vServerApp path [C:\Program Files\VisionMaster4.3.0\Applications\ServerApp\vServerApp.exe]

2024-08-22 13:40:17.000 INFO  [17956] [CClientManager::CheckCurrentServerApp@201] vServerApp is found

2024-08-22 13:40:17.320 INFO  [17956] [CClientManager::CheckCurrentServerApp@172] vServerApp path [C:\Program Files\VisionMaster4.3.0\Applications\ServerApp\vServerApp.exe]

2024-08-22 13:40:17.320 INFO  [17956] [CClientManager::CheckCurrentServerApp@201] vServerApp is found

2024-08-22 13:40:17.635 INFO  [17956] [CClientManager::CheckCurrentServerApp@172] vServerApp path [C:\Program Files\VisionMaster4.3.0\Applications\ServerApp\vServerApp.exe]

2024-08-22 13:40:17.635 INFO  [17956] [CClientManager::CheckCurrentServerApp@201] vServerApp is found

2024-08-22 13:40:17.635 INFO  [17956] [CClientManager::StartAndRegisterServerApp@293] Start App end.

2024-08-22 13:40:17.635 INFO  [17956] [DoStartServerApp@38] End

2024-08-22 13:42:13.516 INFO  [22840] [CServerManager::InitLog@35965] [Init] [Begin]======================================== V4.3.0 Build Jun  3 2023 11:01:25 Start Print Log ========================================

2024-08-22 13:42:13.516 INFO  [22840] [CClientManager::Init@5333] [Init] begin.

2024-08-22 13:42:13.516 INFO  [22840] [CClientManager::Init@5355] [Init] end.nRet[0]

2024-08-22 13:42:13.518 INFO  [22840] [CServerManager::SM_SP_LoadLib@377] [Init] start

2024-08-22 13:42:13.518 INFO  [22840] [CServerManager::SM_SP_LoadLib@471] [Init] SDK: SM_SP_LoadLib Load Server Lib. Path: [C:\Program Files\VisionMaster4.3.0\Applications\PublicFile\x64\..\..\Server\PlatformManager.dll]

2024-08-22 13:42:13.520 INFO  [22840] [CServerManager::SM_SP_LoadLib@561] [Init] end

2024-08-22 13:42:13.520 INFO  [22840] [CGScriptManager::GM_SP_UnLoadLib@130] start

2024-08-22 13:42:13.520 INFO  [22840] [CGScriptManager::GM_SP_UnLoadLib@150] end

2024-08-22 13:42:13.520 INFO  [22840] [CGScriptManager::GM_SP_LoadLib@34] start

2024-08-22 13:42:13.521 INFO  [22840] [CGScriptManager::GM_SP_LoadLib@123] end

2024-08-22 13:42:13.521 INFO  [22840] [CClientManager::PF_CreateHandle@1685] [Init] begin. nHandleType:[0]

2024-08-22 13:42:13.521 INFO  [22840] [CClientManager::PF_CreateHandle@1719] [Init] SDK: Third software start server by exe.

2024-08-22 13:42:13.521 INFO  [22840] [CServerManager::SM_SP_InitGLobalScript@25157] [Init] start

2024-08-22 13:42:13.521 INFO  [22840] [CGScriptManager::GM_SP_GScriptInit@156] start

2024-08-22 13:42:13.521 INFO  [17956] [DoStartServerApp@29] Begin

2024-08-22 13:42:13.521 INFO  [17956] [CClientManager::StartAndRegisterServerApp@253] Server app path[C:\Program Files\VisionMaster4.3.0\Applications\ServerApp\vServerApp.exe]

2024-08-22 13:42:13.530 INFO  [17956] [CClientManager::StartAndRegisterServerApp@259] Need start server app

2024-08-22 13:42:13.530 INFO  [17956] [CClientManager::StartServerApp@104] [Init] Start serverApp process[C:\Program Files\VisionMaster4.3.0\Applications\ServerApp\vServerApp.exe]

2024-08-22 13:42:13.533 INFO  [17956] [CClientManager::StartServerApp@120] [Init] The serverApp pid[20736].

2024-08-22 13:42:13.533 ERROR [17956] [CClientManager::RegisterOnServerApp@68] Can't find vServerApp, errMsg[0]. i[0].

2024-08-22 13:42:13.642 INFO  [22840] [CGScriptManager::GM_SP_GScriptInit@177] end

2024-08-22 13:42:13.642 INFO  [22840] [CServerManager::SM_SP_InitGLobalScript@25175] [Init] end

2024-08-22 13:42:13.642 INFO  [22840] [CClientManager::PF_CreateHandle@1734] [Init] SDK: Init server by exe. Server proc id:[0]

2024-08-22 13:42:13.642 INFO  [22840] [CServerManager::SM_Init@912] start

2024-08-22 13:42:13.642 INFO  [22840] [CServerManager::DeInit@24189] start

2024-08-22 13:42:13.642 INFO  [22840] [CServerManager::DeInitServerLib@692] start

2024-08-22 13:42:13.642 INFO  [22840] [CServerManager::SM_SP_ServerSetMsgCallback@772] start

2024-08-22 13:42:13.642 INFO  [22840] [CServerManager::SM_SP_ServerSetMsgCallback@786] end

2024-08-22 13:42:13.642 INFO  [22840] [CServerManager::SM_SP_ServerSetModuleDataCallback@812] start

2024-08-22 13:42:13.642 INFO  [22840] [CServerManager::SM_SP_ServerSetModuleDataCallback@826] end

2024-08-22 13:42:13.642 INFO  [22840] [CServerManager::SM_SP_ServerSetRunResCallback@792] start

2024-08-22 13:42:13.642 INFO  [22840] [CServerManager::SM_SP_ServerSetRunResCallback@806] end

2024-08-22 13:42:13.642 ERROR [22840] [CServerManager::DeInitServerLib@711] SDK: DeInitServerLib SM_SP_ServerSetRunResCallback fail. nRet = [e000000a]

2024-08-22 13:42:13.642 INFO  [22840] [CServerManager::SM_SP_ServerDeInit@752] start

2024-08-22 13:42:13.642 INFO  [22840] [CServerManager::SM_SP_ServerDeInit@766] end

2024-08-22 13:42:13.642 INFO  [22840] [CServerManager::DeInitServerLib@726] end

2024-08-22 13:42:13.642 INFO  [22840] [CServerManager::StopHeartPair@26188] start

2024-08-22 13:42:13.642 INFO  [22840] [CServerManager::StopHeartPair@26196] end

2024-08-22 13:42:13.642 INFO  [22840] [CServerManager::DeInitReadSendBuffer@24280] start

2024-08-22 13:42:13.642 INFO  [22840] [CServerManager::DeInitReadSendBuffer@24290] end

2024-08-22 13:42:13.642 INFO  [22840] [CServerManager::DeInit@24243] end

2024-08-22 13:42:13.642 INFO  [22840] [CServerManager::InitReadSendBuffer@24249] [Init] start

2024-08-22 13:42:13.642 INFO  [22840] [CServerManager::DeInitReadSendBuffer@24280] start

2024-08-22 13:42:13.642 INFO  [22840] [CServerManager::DeInitReadSendBuffer@24290] end

2024-08-22 13:42:13.642 INFO  [22840] [CServerManager::InitReadSendBuffer@24274] [Init] end

2024-08-22 13:42:13.642 INFO  [22840] [CServerManager::SM_Init@946] SDK: InitReadSendBuffer success.pstPlatformBasicInfo->nRepIp[0x7f000001],nport[53951]

2024-08-22 13:42:13.642 INFO  [22840] [CServerManager::SM_Init@965] SDK: GetAdapterInfo success. Info:[127.0.0.1]

2024-08-22 13:42:13.642 INFO  [22840] [CServerManager::InitServerLib@598] start

2024-08-22 13:42:13.642 INFO  [22840] [CServerManager::SM_SP_ServerSetMsgCallback@772] start

2024-08-22 13:42:13.642 INFO  [22840] [CServerManager::SM_SP_ServerSetMsgCallback@786] end

2024-08-22 13:42:13.642 INFO  [22840] [CServerManager::InitServerLib@608] SDK: InitServerLib SM_SP_ServerSetMsgCallback success.

2024-08-22 13:42:13.642 INFO  [22840] [CServerManager::SM_SP_ServerSetModuleDataCallback@812] start

2024-08-22 13:42:13.642 INFO  [22840] [CServerManager::SM_SP_ServerSetModuleDataCallback@826] end

2024-08-22 13:42:13.642 INFO  [22840] [CServerManager::InitServerLib@616] SDK: InitServerLib SM_SP_ServerSetModuleDataCallback success.

2024-08-22 13:42:13.642 INFO  [22840] [CServerManager::SM_SP_ServerInit@732] start

2024-08-22 13:42:14.067 INFO  [17956] [CClientManager::RegisterOnServerApp@56] RegisterOnServerApp success i[1].

2024-08-22 13:42:14.393 INFO  [17956] [CClientManager::CheckCurrentServerApp@172] vServerApp path [C:\Program Files\VisionMaster4.3.0\Applications\ServerApp\vServerApp.exe]

2024-08-22 13:42:14.393 INFO  [17956] [CClientManager::CheckCurrentServerApp@201] vServerApp is found

2024-08-22 13:42:14.515 INFO  [22840] [CServerManager::SM_SP_ServerInit@746] end

2024-08-22 13:42:14.515 INFO  [22840] [CServerManager::InitServerLib@634] SDK: InitServerLib SM_SP_ServerInit success.

2024-08-22 13:42:14.515 INFO  [22840] [CServerManager::SM_SP_ServerSetRunResCallback@792] start

2024-08-22 13:42:14.515 INFO  [22840] [CServerManager::SM_SP_ServerSetRunResCallback@806] end

2024-08-22 13:42:14.515 INFO  [22840] [CServerManager::InitServerLib@642] SDK: InitServerLib SM_SP_ServerSetRunResCallback success.

2024-08-22 13:42:14.515 INFO  [22840] [CServerManager::SM_SP_ServerSetGlobalScriptCallback@832] start

2024-08-22 13:42:14.515 INFO  [22840] [CServerManager::SM_SP_ServerSetGlobalScriptCallback@846] end

2024-08-22 13:42:14.515 INFO  [22840] [CServerManager::InitServerLib@650] SDK: GM_SP_GScriptInit SM_SP_ServerSetGlobalScriptCallback success.

2024-08-22 13:42:14.515 INFO  [22840] [CServerManager::InitServerLib@652] end

2024-08-22 13:42:14.516 INFO  [22840] [CServerManager::SM_Init@1008] SDK: InitServerLib success.

2024-08-22 13:42:14.516 INFO  [22840] [CServerManager::SM_MakeServerReportDongleInfo@36532] start.

2024-08-22 13:42:14.516 INFO  [22840] [CServerManager::SM_MakeServerReportDongleInfo@36583] end

2024-08-22 13:42:14.516 INFO  [22840] [CServerManager::SM_Init@1142] end

2024-08-22 13:42:14.516 INFO  [22840] [CServerManager::SM_SetReportModuleResult_V2@14349] start

2024-08-22 13:42:14.516 INFO  [22840] [CServerManager::SM_SetReportModuleResult_V2@14389] end

2024-08-22 13:42:14.516 INFO  [22840] [CServerManager::SM_GetProcedureReentrant@22105] start.

2024-08-22 13:42:14.516 INFO  [22840] [CServerManager::SM_GetProcedureReentrant@22135] SDK: SM_GetProcedureReentrant nRecvBufLen:[229]

2024-08-22 13:42:14.516 INFO  [22840] [CServerManager::SM_GetProcedureReentrant@22181] end.

2024-08-22 13:42:14.516 INFO  [22840] [CClientManager::PF_CreateHandle@1794] [Init] [End] end.

2024-08-22 13:42:14.517 INFO  [22632] [CServerManager::HeartPairThreadProcess@26213] start

2024-08-22 132024-08-22 13:42:38.398 INFO  [21264] [CServerManager::InitLog@35965] [Init] [Begin]======================================== V4.3.0 Build Jun  3 2023 11:01:25 Start Print Log ========================================

2024-08-22 13:42:38.398 INFO  [21264] [CClientManager::Init@5333] [Init] begin.

2024-08-22 13:42:38.398 INFO  [21264] [CClientManager::Init@5355] [Init] end.nRet[0]

2024-08-22 13:42:38.400 INFO  [21264] [CServerManager::SM_SP_LoadLib@377] [Init] start

2024-08-22 13:42:38.400 INFO  [21264] [CServerManager::SM_SP_LoadLib@471] [Init] SDK: SM_SP_LoadLib Load Server Lib. Path: [C:\Program Files\VisionMaster4.3.0\Applications\PublicFile\x64\..\..\Server\PlatformManager.dll]

2024-08-22 13:42:38.402 INFO  [21264] [CServerManager::SM_SP_LoadLib@561] [Init] end

2024-08-22 13:42:38.402 INFO  [21264] [CGScriptManager::GM_SP_UnLoadLib@130] start

2024-08-22 13:42:38.402 INFO  [21264] [CGScriptManager::GM_SP_UnLoadLib@150] end

2024-08-22 13:42:38.402 INFO  [21264] [CGScriptManager::GM_SP_LoadLib@34] start

2024-08-22 13:42:38.403 INFO  [21264] [CGScriptManager::GM_SP_LoadLib@123] end

2024-08-22 13:42:38.403 INFO  [21264] [CClientManager::PF_CreateHandle@1685] [Init] begin. nHandleType:[0]

2024-08-22 13:42:38.403 INFO  [21264] [CClientManager::PF_CreateHandle@1719] [Init] SDK: Third software start server by exe.

2024-08-22 13:42:38.403 INFO  [21264] [CServerManager::SM_SP_InitGLobalScript@25157] [Init] start

2024-08-22 13:42:38.403 INFO  [21264] [CGScriptManager::GM_SP_GScriptInit@156] start

2024-08-22 13:42:38.403 INFO  [26608] [DoStartServerApp@29] Begin

2024-08-22 13:42:38.403 INFO  [26608] [CClientManager::StartAndRegisterServerApp@253] Server app path[C:\Program Files\VisionMaster4.3.0\Applications\ServerApp\vServerApp.exe]

2024-08-22 13:42:38.411 INFO  [26608] [CClientManager::StartAndRegisterServerApp@259] Need start server app

2024-08-22 13:42:38.411 INFO  [26608] [CClientManager::StartServerApp@104] [Init] Start serverApp process[C:\Program Files\VisionMaster4.3.0\Applications\ServerApp\vServerApp.exe]

2024-08-22 13:42:38.415 INFO  [26608] [CClientManager::StartServerApp@120] [Init] The serverApp pid[3076].

2024-08-22 13:42:38.415 ERROR [26608] [CClientManager::RegisterOnServerApp@68] Can't find vServerApp, errMsg[0]. i[0].

2024-08-22 13:42:38.508 INFO  [21264] [CGScriptManager::GM_SP_GScriptInit@177] end

2024-08-22 13:42:38.508 INFO  [21264] [CServerManager::SM_SP_InitGLobalScript@25175] [Init] end

2024-08-22 13:42:38.508 INFO  [21264] [CClientManager::PF_CreateHandle@1734] [Init] SDK: Init server by exe. Server proc id:[0]

2024-08-22 13:42:38.508 INFO  [21264] [CServerManager::SM_Init@912] start

2024-08-22 13:42:38.508 INFO  [21264] [CServerManager::DeInit@24189] start

2024-08-22 13:42:38.508 INFO  [21264] [CServerManager::DeInitServerLib@692] start

2024-08-22 13:42:38.508 INFO  [21264] [CServerManager::SM_SP_ServerSetMsgCallback@772] start

2024-08-22 13:42:38.508 INFO  [21264] [CServerManager::SM_SP_ServerSetMsgCallback@786] end

2024-08-22 13:42:38.508 INFO  [21264] [CServerManager::SM_SP_ServerSetModuleDataCallback@812] start

2024-08-22 13:42:38.508 INFO  [21264] [CServerManager::SM_SP_ServerSetModuleDataCallback@826] end

2024-08-22 13:42:38.508 INFO  [21264] [CServerManager::SM_SP_ServerSetRunResCallback@792] start

2024-08-22 13:42:38.508 INFO  [21264] [CServerManager::SM_SP_ServerSetRunResCallback@806] end

2024-08-22 13:42:38.508 ERROR [21264] [CServerManager::DeInitServerLib@711] SDK: DeInitServerLib SM_SP_ServerSetRunResCallback fail. nRet = [e000000a]

2024-08-22 13:42:38.508 INFO  [21264] [CServerManager::SM_SP_ServerDeInit@752] start

2024-08-22 13:42:38.508 INFO  [21264] [CServerManager::SM_SP_ServerDeInit@766] end

2024-08-22 13:42:38.508 INFO  [21264] [CServerManager::DeInitServerLib@726] end

2024-08-22 13:42:38.508 INFO  [21264] [CServerManager::StopHeartPair@26188] start

2024-08-22 13:42:38.508 INFO  [21264] [CServerManager::StopHeartPair@26196] end

2024-08-22 13:42:38.508 INFO  [21264] [CServerManager::DeInitReadSendBuffer@24280] start

2024-08-22 13:42:38.508 INFO  [21264] [CServerManager::DeInitReadSendBuffer@24290] end

2024-08-22 13:42:38.508 INFO  [21264] [CServerManager::DeInit@24243] end

2024-08-22 13:42:38.508 INFO  [21264] [CServerManager::InitReadSendBuffer@24249] [Init] start

2024-08-22 13:42:38.508 INFO  [21264] [CServerManager::DeInitReadSendBuffer@24280] start

2024-08-22 13:42:38.508 INFO  [21264] [CServerManager::DeInitReadSendBuffer@24290] end

2024-08-22 13:42:38.508 INFO  [21264] [CServerManager::InitReadSendBuffer@24274] [Init] end

2024-08-22 13:42:38.508 INFO  [21264] [CServerManager::SM_Init@946] SDK: InitReadSendBuffer success.pstPlatformBasicInfo->nRepIp[0x7f000001],nport[53953]

2024-08-22 13:42:38.508 INFO  [21264] [CServerManager::SM_Init@965] SDK: GetAdapterInfo success. Info:[127.0.0.1]

2024-08-22 13:42:38.508 INFO  [21264] [CServerManager::InitServerLib@598] start

2024-08-22 13:42:38.508 INFO  [21264] [CServerManager::SM_SP_ServerSetMsgCallback@772] start

2024-08-22 13:42:38.508 INFO  [21264] [CServerManager::SM_SP_ServerSetMsgCallback@786] end

2024-08-22 13:42:38.508 INFO  [21264] [CServerManager::InitServerLib@608] SDK: InitServerLib SM_SP_ServerSetMsgCallback success.

2024-08-22 13:42:38.508 INFO  [21264] [CServerManager::SM_SP_ServerSetModuleDataCallback@812] start

2024-08-22 13:42:38.508 INFO  [21264] [CServerManager::SM_SP_ServerSetModuleDataCallback@826] end

2024-08-22 13:42:38.508 INFO  [21264] [CServerManager::InitServerLib@616] SDK: InitServerLib SM_SP_ServerSetModuleDataCallback success.

2024-08-22 13:42:38.508 INFO  [21264] [CServerManager::SM_SP_ServerInit@732] start

2024-08-22 13:42:38.937 INFO  [26608] [CClientManager::RegisterOnServerApp@56] RegisterOnServerApp success i[1].

2024-08-22 13:42:39.264 INFO  [26608] [CClientManager::CheckCurrentServerApp@172] vServerApp path [C:\Program Files\VisionMaster4.3.0\Applications\ServerApp\vServerApp.exe]

2024-08-22 13:42:39.264 INFO  [26608] [CClientManager::CheckCurrentServerApp@201] vServerApp is found

2024-08-22 13:42:39.319 INFO  [21264] [CServerManager::SM_SP_ServerInit@746] end

2024-08-22 13:42:39.319 INFO  [21264] [CServerManager::InitServerLib@634] SDK: InitServerLib SM_SP_ServerInit success.

2024-08-22 13:42:39.319 INFO  [21264] [CServerManager::SM_SP_ServerSetRunResCallback@792] start

2024-08-22 13:42:39.319 INFO  [21264] [CServerManager::SM_SP_ServerSetRunResCallback@806] end

2024-08-22 13:42:39.319 INFO  [21264] [CServerManager::InitServerLib@642] SDK: InitServerLib SM_SP_ServerSetRunResCallback success.

2024-08-22 13:42:39.319 INFO  [21264] [CServerManager::SM_SP_ServerSetGlobalScriptCallback@832] start

2024-08-22 13:42:39.319 INFO  [21264] [CServerManager::SM_SP_ServerSetGlobalScriptCallback@846] end

2024-08-22 13:42:39.319 INFO  [21264] [CServerManager::InitServerLib@650] SDK: GM_SP_GScriptInit SM_SP_ServerSetGlobalScriptCallback success.

2024-08-22 13:42:39.319 INFO  [21264] [CServerManager::InitServerLib@652] end

2024-08-22 13:42:39.319 INFO  [21264] [CServerManager::SM_Init@1008] SDK: InitServerLib success.

2024-08-22 13:42:39.319 INFO  [21264] [CServerManager::SM_MakeServerReportDongleInfo@36532] start.

2024-08-22 13:42:39.319 INFO  [21264] [CServerManager::SM_MakeServerReportDongleInfo@36583] end

2024-08-22 13:42:39.319 INFO  [21264] [CServerManager::SM_Init@1142] end

2024-08-22 13:42:39.319 INFO  [21264] [CServerManager::SM_SetReportModuleResult_V2@14349] start

2024-08-22 13:42:39.320 INFO  [21264] [CServerManager::SM_SetReportModuleResult_V2@14389] end

2024-08-22 13:42:39.320 INFO  [21264] [CServerManager::SM_GetProcedureReentrant@22105] start.

2024-08-22 13:42:39.320 INFO  [24776] [CServerManager::HeartPairThreadProcess@26213] start

2024-08-22 13:42:39.320 INFO  [21264] [CServerManager::SM_GetProcedureReentrant@22135] SDK: SM_GetProcedureReentrant nRecvBufLen:[229]

2024-08-22 13:42:39.320 INFO  [21264] [CServerManager::SM_GetProcedureReentrant@22181] end.

2024-08-22 13:42:39.320 INFO  [21264] [CClientManager::PF_CreateHandle@1794] [Init] [End] end.

2024-08-22 13:42:39.325 INFO  [21264] [CServerManager::SM_RegisterOutputPlatformInfoCallBack@1148] start

2024-08-22 13:42:39.325 INFO  [21264] [CServerManager::SM_RegisterOutputPlatformInfoCallBack@1177] end

2024-08-22 13:42:39.558 INFO  [21264] [CServerManager::SM_GetAllProcessList@5493] start

2024-08-22 13:42:39.558 ERROR [21264] [CServerManager::SendAndRecvCommand@27540] SDK: SendAndRecvCommand SendAndRecvCommandEx failed. nRet = [e0000316]

2024-08-22 13:42:39.558 ERROR [21264] [CServerManager::SM_GetAllProcessList@5523] SDK: SendAndRecvCommand fail. nRet = [e0000316]

2024-08-22 13:42:39.558 ERROR [21264] [CServerManager::SM_GetAllProcessList@5605] catch... nRet = [e0000316]

2024-08-22 13:42:39.559 INFO  [21264] [CClientManager::PF_GetErrorMsg@770] begin.

2024-08-22 13:42:39.559 INFO  [21264] [CClientManager::PF_GetErrorMsg@1668] end.

2024-08-22 13:42:39.561 INFO  [21264] [CServerManager::SM_GetAllGlobalModule@17159] start.

2024-08-22 13:42:39.561 WARN  [21264] [CServerManager::SM_GetAllGlobalModule@17212] SDK: Module list is null.

2024-08-22 13:42:39.561 INFO  [21264] [CServerManager::SM_GetAllGlobalModule@17265] end.

2024-08-22 13:42:39.579 INFO  [26608] [CClientManager::CheckCurrentServerApp@172] vServerApp path [C:\Program Files\VisionMaster4.3.0\Applications\ServerApp\vServerApp.exe]

2024-08-22 13:42:39.579 INFO  [26608] [CClientManager::CheckCurrentServerApp@201] vServerApp is found

2024-08-22 13:42:39.887 INFO  [26608] [CClientManager::CheckCurrentServerApp@172] vServerApp path [C:\Program Files\VisionMaster4.3.0\Applications\ServerApp\vServerApp.exe]

2024-08-22 13:42:39.887 INFO  [26608] [CClientManager::CheckCurrentServerApp@201] vServerApp is found

2024-08-22 13:42:40.199 INFO  [26608] [CClientManager::CheckCurrentServerApp@172] vServerApp path [C:\Program Files\VisionMaster4.3.0\Applications\ServerApp\vServerApp.exe]

2024-08-22 13:42:40.199 INFO  [26608] [CClientManager::CheckCurrentServerApp@201] vServerApp is found

2024-08-22 13:42:40.516 INFO  [26608] [CClientManager::CheckCurrentServerApp@172] vServerApp path [C:\Program Files\VisionMaster4.3.0\Applications\ServerApp\vServerApp.exe]

2024-08-22 13:42:40.516 INFO  [26608] [CClientManager::CheckCurrentServerApp@201] vServerApp is found

2024-08-22 13:42:40.831 INFO  [26608] [CClientManager::CheckCurrentServerApp@172] vServerApp path [C:\Program Files\VisionMaster4.3.0\Applications\ServerApp\vServerApp.exe]

2024-08-22 13:42:40.831 INFO  [26608] [CClientManager::CheckCurrentServerApp@201] vServerApp is found

2024-08-22 13:42:41.142 INFO  [26608] [CClientManager::CheckCurrentServerApp@172] vServerApp path [C:\Program Files\VisionMaster4.3.0\Applications\ServerApp\vServerApp.exe]

2024-08-22 13:42:41.142 INFO  [26608] [CClientManager::CheckCurrentServerApp@201] vServerApp is found

2024-08-22 13:42:41.466 INFO  [26608] [CClientManager::CheckCurrentServerApp@172] vServerApp path [C:\Program Files\VisionMaster4.3.0\Applications\ServerApp\vServerApp.exe]

2024-08-22 13:42:41.466 INFO  [26608] [CClientManager::CheckCurrentServerApp@201] vServerApp is found

2024-08-22 13:42:41.466 INFO  [26608] [CClientManager::StartAndRegisterServerApp@293] Start App end.

2024-08-22 13:42:41.466 INFO  [26608] [DoStartServerApp@38] End

